<?xml version="1.0" encoding="UTF-8"?>
<!-- Generated by org.testng.reporters.JUnitXMLReporter -->
<testsuite hostname="LAPTOP-14KL8HCG" ignored="0" name="Chrome Test" tests="22" failures="0" timestamp="2021-08-18T18:42:50 IST" time="268.184" errors="0">
  <testcase name="titleTest" time="0.013" classname="com.expleo.heroku.testCases.TC_001_TitleTest"/>
  <testcase name="buttonDDT" time="3.526" classname="com.expleo.heroku.testCases.TC_002_ButtonTestDDT"/>
  <testcase name="buttonDDT" time="4.086" classname="com.expleo.heroku.testCases.TC_002_ButtonTestDDT"/>
  <testcase name="buttonDDT" time="3.549" classname="com.expleo.heroku.testCases.TC_002_ButtonTestDDT"/>
  <testcase name="TableDDT" time="0.281" classname="com.expleo.heroku.testCases.TC_003_TableTestDDT"/>
  <testcase name="TableDDT" time="0.301" classname="com.expleo.heroku.testCases.TC_003_TableTestDDT"/>
  <testcase name="TableDDT" time="0.319" classname="com.expleo.heroku.testCases.TC_003_TableTestDDT"/>
  <testcase name="TableDDT" time="0.377" classname="com.expleo.heroku.testCases.TC_003_TableTestDDT"/>
  <testcase name="TableDDT" time="0.29" classname="com.expleo.heroku.testCases.TC_003_TableTestDDT"/>
  <testcase name="TableDDT" time="0.368" classname="com.expleo.heroku.testCases.TC_003_TableTestDDT"/>
  <testcase name="TableDDT" time="0.314" classname="com.expleo.heroku.testCases.TC_003_TableTestDDT"/>
  <testcase name="TableDDT" time="0.287" classname="com.expleo.heroku.testCases.TC_003_TableTestDDT"/>
  <testcase name="TableDDT" time="0.313" classname="com.expleo.heroku.testCases.TC_003_TableTestDDT"/>
  <testcase name="TableDDT" time="0.389" classname="com.expleo.heroku.testCases.TC_003_TableTestDDT"/>
  <testcase name="headTest" time="0.028" classname="com.expleo.heroku.testCases.TC_004_HeaderTest"/>
  <testcase name="paraCheck" time="0.046" classname="com.expleo.heroku.testCases.TC_005_ParaTest"/>
  <testcase name="canvaTest" time="0.843" classname="com.expleo.heroku.testCases.TC_006_CanvasTest"/>
  <testcase name="canvaTest" time="0.812" classname="com.expleo.heroku.testCases.TC_006_CanvasTest"/>
  <testcase name="canvaTest" time="0.817" classname="com.expleo.heroku.testCases.TC_006_CanvasTest"/>
  <testcase name="editTest" time="0.653" classname="com.expleo.heroku.testCases.TC_007_EditClickTest"/>
  <testcase name="deleteTest" time="0.639" classname="com.expleo.heroku.testCases.TC_008_DeleteClickTest"/>
  <testcase name="elementLinkTest" time="5.159" classname="com.expleo.heroku.testCases.TC_009_ElementalLinkTest"/>
</testsuite> <!-- Chrome Test -->
