<?xml version="1.0" encoding="UTF-8"?>
<testng-results skipped="0" failed="0" ignored="0" total="66" passed="66">
  <reporter-output>
  </reporter-output>
  <suite name="AllBrowsers" duration-ms="271785" started-at="2021-08-18T18:47:41 IST" finished-at="2021-08-18T18:52:13 IST">
    <groups>
    </groups>
    <test name="Chrome Test" duration-ms="78165" started-at="2021-08-18T18:47:41 IST" finished-at="2021-08-18T18:48:59 IST">
      <class name="com.expleo.heroku.testCases.TC_009_ElementalLinkTest">
        <test-method status="PASS" signature="init(java.lang.String)[pri:0, instance:com.expleo.heroku.testCases.TC_009_ElementalLinkTest@6fb0d3ed]" name="init" is-config="true" duration-ms="4398" started-at="2021-08-18T18:48:49 IST" finished-at="2021-08-18T18:48:53 IST">
          <params>
            <param index="0">
              <value>
                <![CDATA[chrome]]>
              </value>
            </param>
          </params>
          <reporter-output>
          </reporter-output>
        </test-method> <!-- init -->
        <test-method status="PASS" signature="elementLinkTest()[pri:0, instance:com.expleo.heroku.testCases.TC_009_ElementalLinkTest@6fb0d3ed]" name="elementLinkTest" duration-ms="5130" started-at="2021-08-18T18:48:53 IST" finished-at="2021-08-18T18:48:58 IST">
          <reporter-output>
          </reporter-output>
        </test-method> <!-- elementLinkTest -->
        <test-method status="PASS" signature="tearDown()[pri:0, instance:com.expleo.heroku.testCases.TC_009_ElementalLinkTest@6fb0d3ed]" name="tearDown" is-config="true" duration-ms="1164" started-at="2021-08-18T18:48:58 IST" finished-at="2021-08-18T18:48:59 IST">
          <reporter-output>
          </reporter-output>
        </test-method> <!-- tearDown -->
      </class> <!-- com.expleo.heroku.testCases.TC_009_ElementalLinkTest -->
      <class name="com.expleo.heroku.testCases.TC_008_DeleteClickTest">
        <test-method status="PASS" signature="init(java.lang.String)[pri:0, instance:com.expleo.heroku.testCases.TC_008_DeleteClickTest@fe18270]" name="init" is-config="true" duration-ms="5461" started-at="2021-08-18T18:48:42 IST" finished-at="2021-08-18T18:48:47 IST">
          <params>
            <param index="0">
              <value>
                <![CDATA[chrome]]>
              </value>
            </param>
          </params>
          <reporter-output>
          </reporter-output>
        </test-method> <!-- init -->
        <test-method status="PASS" signature="deleteTest()[pri:0, instance:com.expleo.heroku.testCases.TC_008_DeleteClickTest@fe18270]" name="deleteTest" duration-ms="646" started-at="2021-08-18T18:48:47 IST" finished-at="2021-08-18T18:48:48 IST">
          <reporter-output>
          </reporter-output>
        </test-method> <!-- deleteTest -->
        <test-method status="PASS" signature="tearDown()[pri:0, instance:com.expleo.heroku.testCases.TC_008_DeleteClickTest@fe18270]" name="tearDown" is-config="true" duration-ms="624" started-at="2021-08-18T18:48:48 IST" finished-at="2021-08-18T18:48:49 IST">
          <reporter-output>
          </reporter-output>
        </test-method> <!-- tearDown -->
      </class> <!-- com.expleo.heroku.testCases.TC_008_DeleteClickTest -->
      <class name="com.expleo.heroku.testCases.TC_002_ButtonTestDDT">
        <test-method status="PASS" signature="init(java.lang.String)[pri:0, instance:com.expleo.heroku.testCases.TC_002_ButtonTestDDT@2fd66ad3]" name="init" is-config="true" duration-ms="5042" started-at="2021-08-18T18:47:48 IST" finished-at="2021-08-18T18:47:53 IST">
          <params>
            <param index="0">
              <value>
                <![CDATA[chrome]]>
              </value>
            </param>
          </params>
          <reporter-output>
          </reporter-output>
        </test-method> <!-- init -->
        <test-method status="PASS" signature="buttonDDT(java.lang.String)[pri:0, instance:com.expleo.heroku.testCases.TC_002_ButtonTestDDT@2fd66ad3]" name="buttonDDT" duration-ms="3563" started-at="2021-08-18T18:47:54 IST" data-provider="Buttondata" finished-at="2021-08-18T18:47:57 IST">
          <params>
            <param index="0">
              <value>
                <![CDATA[buttonblue]]>
              </value>
            </param>
          </params>
          <reporter-output>
          </reporter-output>
        </test-method> <!-- buttonDDT -->
        <test-method status="PASS" signature="buttonDDT(java.lang.String)[pri:0, instance:com.expleo.heroku.testCases.TC_002_ButtonTestDDT@2fd66ad3]" name="buttonDDT" duration-ms="3491" started-at="2021-08-18T18:47:57 IST" data-provider="Buttondata" finished-at="2021-08-18T18:48:01 IST">
          <params>
            <param index="0">
              <value>
                <![CDATA[buttonred]]>
              </value>
            </param>
          </params>
          <reporter-output>
          </reporter-output>
        </test-method> <!-- buttonDDT -->
        <test-method status="PASS" signature="buttonDDT(java.lang.String)[pri:0, instance:com.expleo.heroku.testCases.TC_002_ButtonTestDDT@2fd66ad3]" name="buttonDDT" duration-ms="3563" started-at="2021-08-18T18:48:01 IST" data-provider="Buttondata" finished-at="2021-08-18T18:48:04 IST">
          <params>
            <param index="0">
              <value>
                <![CDATA[buttongreen]]>
              </value>
            </param>
          </params>
          <reporter-output>
          </reporter-output>
        </test-method> <!-- buttonDDT -->
        <test-method status="PASS" signature="tearDown()[pri:0, instance:com.expleo.heroku.testCases.TC_002_ButtonTestDDT@2fd66ad3]" name="tearDown" is-config="true" duration-ms="699" started-at="2021-08-18T18:48:04 IST" finished-at="2021-08-18T18:48:05 IST">
          <reporter-output>
          </reporter-output>
        </test-method> <!-- tearDown -->
      </class> <!-- com.expleo.heroku.testCases.TC_002_ButtonTestDDT -->
      <class name="com.expleo.heroku.testCases.TC_001_TitleTest">
        <test-method status="PASS" signature="init(java.lang.String)[pri:0, instance:com.expleo.heroku.testCases.TC_001_TitleTest@27d415d9]" name="init" is-config="true" duration-ms="5743" started-at="2021-08-18T18:47:41 IST" finished-at="2021-08-18T18:47:47 IST">
          <params>
            <param index="0">
              <value>
                <![CDATA[chrome]]>
              </value>
            </param>
          </params>
          <reporter-output>
          </reporter-output>
        </test-method> <!-- init -->
        <test-method status="PASS" signature="titleTest()[pri:0, instance:com.expleo.heroku.testCases.TC_001_TitleTest@27d415d9]" name="titleTest" duration-ms="21" started-at="2021-08-18T18:47:47 IST" finished-at="2021-08-18T18:47:47 IST">
          <reporter-output>
          </reporter-output>
        </test-method> <!-- titleTest -->
        <test-method status="PASS" signature="tearDown()[pri:0, instance:com.expleo.heroku.testCases.TC_001_TitleTest@27d415d9]" name="tearDown" is-config="true" duration-ms="702" started-at="2021-08-18T18:47:47 IST" finished-at="2021-08-18T18:47:48 IST">
          <reporter-output>
          </reporter-output>
        </test-method> <!-- tearDown -->
      </class> <!-- com.expleo.heroku.testCases.TC_001_TitleTest -->
      <class name="com.expleo.heroku.testCases.TC_003_TableTestDDT">
        <test-method status="PASS" signature="init(java.lang.String)[pri:0, instance:com.expleo.heroku.testCases.TC_003_TableTestDDT@5d11346a]" name="init" is-config="true" duration-ms="5402" started-at="2021-08-18T18:48:05 IST" finished-at="2021-08-18T18:48:10 IST">
          <params>
            <param index="0">
              <value>
                <![CDATA[chrome]]>
              </value>
            </param>
          </params>
          <reporter-output>
          </reporter-output>
        </test-method> <!-- init -->
        <test-method status="PASS" signature="TableDDT(java.lang.String,java.lang.String,java.lang.String,java.lang.String,java.lang.String,java.lang.String,java.lang.String,java.lang.String)[pri:0, instance:com.expleo.heroku.testCases.TC_003_TableTestDDT@5d11346a]" name="TableDDT" duration-ms="407" started-at="2021-08-18T18:48:12 IST" data-provider="TableData" finished-at="2021-08-18T18:48:12 IST">
          <params>
            <param index="0">
              <value>
                <![CDATA[Iuvaret0]]>
              </value>
            </param>
            <param index="1">
              <value>
                <![CDATA[Apeirian0]]>
              </value>
            </param>
            <param index="2">
              <value>
                <![CDATA[Adipisci0]]>
              </value>
            </param>
            <param index="3">
              <value>
                <![CDATA[Definiebas0]]>
              </value>
            </param>
            <param index="4">
              <value>
                <![CDATA[Consequuntur0]]>
              </value>
            </param>
            <param index="5">
              <value>
                <![CDATA[Phaedrum0]]>
              </value>
            </param>
            <param index="6">
              <value>
                <![CDATA[1]]>
              </value>
            </param>
            <param index="7">
              <value>
                <![CDATA[1]]>
              </value>
            </param>
          </params>
          <reporter-output>
          </reporter-output>
        </test-method> <!-- TableDDT -->
        <test-method status="PASS" signature="TableDDT(java.lang.String,java.lang.String,java.lang.String,java.lang.String,java.lang.String,java.lang.String,java.lang.String,java.lang.String)[pri:0, instance:com.expleo.heroku.testCases.TC_003_TableTestDDT@5d11346a]" name="TableDDT" duration-ms="383" started-at="2021-08-18T18:48:12 IST" data-provider="TableData" finished-at="2021-08-18T18:48:13 IST">
          <params>
            <param index="0">
              <value>
                <![CDATA[Iuvaret1]]>
              </value>
            </param>
            <param index="1">
              <value>
                <![CDATA[Apeirian1]]>
              </value>
            </param>
            <param index="2">
              <value>
                <![CDATA[Adipisci1]]>
              </value>
            </param>
            <param index="3">
              <value>
                <![CDATA[Definiebas1]]>
              </value>
            </param>
            <param index="4">
              <value>
                <![CDATA[Consequuntur1]]>
              </value>
            </param>
            <param index="5">
              <value>
                <![CDATA[Phaedrum1]]>
              </value>
            </param>
            <param index="6">
              <value>
                <![CDATA[2]]>
              </value>
            </param>
            <param index="7">
              <value>
                <![CDATA[1]]>
              </value>
            </param>
          </params>
          <reporter-output>
          </reporter-output>
        </test-method> <!-- TableDDT -->
        <test-method status="PASS" signature="TableDDT(java.lang.String,java.lang.String,java.lang.String,java.lang.String,java.lang.String,java.lang.String,java.lang.String,java.lang.String)[pri:0, instance:com.expleo.heroku.testCases.TC_003_TableTestDDT@5d11346a]" name="TableDDT" duration-ms="359" started-at="2021-08-18T18:48:13 IST" data-provider="TableData" finished-at="2021-08-18T18:48:13 IST">
          <params>
            <param index="0">
              <value>
                <![CDATA[Iuvaret2]]>
              </value>
            </param>
            <param index="1">
              <value>
                <![CDATA[Apeirian2]]>
              </value>
            </param>
            <param index="2">
              <value>
                <![CDATA[Adipisci2]]>
              </value>
            </param>
            <param index="3">
              <value>
                <![CDATA[Definiebas2]]>
              </value>
            </param>
            <param index="4">
              <value>
                <![CDATA[Consequuntur2]]>
              </value>
            </param>
            <param index="5">
              <value>
                <![CDATA[Phaedrum2]]>
              </value>
            </param>
            <param index="6">
              <value>
                <![CDATA[3]]>
              </value>
            </param>
            <param index="7">
              <value>
                <![CDATA[1]]>
              </value>
            </param>
          </params>
          <reporter-output>
          </reporter-output>
        </test-method> <!-- TableDDT -->
        <test-method status="PASS" signature="TableDDT(java.lang.String,java.lang.String,java.lang.String,java.lang.String,java.lang.String,java.lang.String,java.lang.String,java.lang.String)[pri:0, instance:com.expleo.heroku.testCases.TC_003_TableTestDDT@5d11346a]" name="TableDDT" duration-ms="375" started-at="2021-08-18T18:48:13 IST" data-provider="TableData" finished-at="2021-08-18T18:48:14 IST">
          <params>
            <param index="0">
              <value>
                <![CDATA[Iuvaret3]]>
              </value>
            </param>
            <param index="1">
              <value>
                <![CDATA[Apeirian3]]>
              </value>
            </param>
            <param index="2">
              <value>
                <![CDATA[Adipisci3]]>
              </value>
            </param>
            <param index="3">
              <value>
                <![CDATA[Definiebas3]]>
              </value>
            </param>
            <param index="4">
              <value>
                <![CDATA[Consequuntur3]]>
              </value>
            </param>
            <param index="5">
              <value>
                <![CDATA[Phaedrum3]]>
              </value>
            </param>
            <param index="6">
              <value>
                <![CDATA[4]]>
              </value>
            </param>
            <param index="7">
              <value>
                <![CDATA[1]]>
              </value>
            </param>
          </params>
          <reporter-output>
          </reporter-output>
        </test-method> <!-- TableDDT -->
        <test-method status="PASS" signature="TableDDT(java.lang.String,java.lang.String,java.lang.String,java.lang.String,java.lang.String,java.lang.String,java.lang.String,java.lang.String)[pri:0, instance:com.expleo.heroku.testCases.TC_003_TableTestDDT@5d11346a]" name="TableDDT" duration-ms="352" started-at="2021-08-18T18:48:14 IST" data-provider="TableData" finished-at="2021-08-18T18:48:14 IST">
          <params>
            <param index="0">
              <value>
                <![CDATA[Iuvaret4]]>
              </value>
            </param>
            <param index="1">
              <value>
                <![CDATA[Apeirian4]]>
              </value>
            </param>
            <param index="2">
              <value>
                <![CDATA[Adipisci4]]>
              </value>
            </param>
            <param index="3">
              <value>
                <![CDATA[Definiebas4]]>
              </value>
            </param>
            <param index="4">
              <value>
                <![CDATA[Consequuntur4]]>
              </value>
            </param>
            <param index="5">
              <value>
                <![CDATA[Phaedrum4]]>
              </value>
            </param>
            <param index="6">
              <value>
                <![CDATA[5]]>
              </value>
            </param>
            <param index="7">
              <value>
                <![CDATA[1]]>
              </value>
            </param>
          </params>
          <reporter-output>
          </reporter-output>
        </test-method> <!-- TableDDT -->
        <test-method status="PASS" signature="TableDDT(java.lang.String,java.lang.String,java.lang.String,java.lang.String,java.lang.String,java.lang.String,java.lang.String,java.lang.String)[pri:0, instance:com.expleo.heroku.testCases.TC_003_TableTestDDT@5d11346a]" name="TableDDT" duration-ms="374" started-at="2021-08-18T18:48:14 IST" data-provider="TableData" finished-at="2021-08-18T18:48:14 IST">
          <params>
            <param index="0">
              <value>
                <![CDATA[Iuvaret5]]>
              </value>
            </param>
            <param index="1">
              <value>
                <![CDATA[Apeirian5]]>
              </value>
            </param>
            <param index="2">
              <value>
                <![CDATA[Adipisci5]]>
              </value>
            </param>
            <param index="3">
              <value>
                <![CDATA[Definiebas5]]>
              </value>
            </param>
            <param index="4">
              <value>
                <![CDATA[Consequuntur5]]>
              </value>
            </param>
            <param index="5">
              <value>
                <![CDATA[Phaedrum5]]>
              </value>
            </param>
            <param index="6">
              <value>
                <![CDATA[6]]>
              </value>
            </param>
            <param index="7">
              <value>
                <![CDATA[1]]>
              </value>
            </param>
          </params>
          <reporter-output>
          </reporter-output>
        </test-method> <!-- TableDDT -->
        <test-method status="PASS" signature="TableDDT(java.lang.String,java.lang.String,java.lang.String,java.lang.String,java.lang.String,java.lang.String,java.lang.String,java.lang.String)[pri:0, instance:com.expleo.heroku.testCases.TC_003_TableTestDDT@5d11346a]" name="TableDDT" duration-ms="377" started-at="2021-08-18T18:48:14 IST" data-provider="TableData" finished-at="2021-08-18T18:48:15 IST">
          <params>
            <param index="0">
              <value>
                <![CDATA[Iuvaret6]]>
              </value>
            </param>
            <param index="1">
              <value>
                <![CDATA[Apeirian6]]>
              </value>
            </param>
            <param index="2">
              <value>
                <![CDATA[Adipisci6]]>
              </value>
            </param>
            <param index="3">
              <value>
                <![CDATA[Definiebas6]]>
              </value>
            </param>
            <param index="4">
              <value>
                <![CDATA[Consequuntur6]]>
              </value>
            </param>
            <param index="5">
              <value>
                <![CDATA[Phaedrum6]]>
              </value>
            </param>
            <param index="6">
              <value>
                <![CDATA[7]]>
              </value>
            </param>
            <param index="7">
              <value>
                <![CDATA[1]]>
              </value>
            </param>
          </params>
          <reporter-output>
          </reporter-output>
        </test-method> <!-- TableDDT -->
        <test-method status="PASS" signature="TableDDT(java.lang.String,java.lang.String,java.lang.String,java.lang.String,java.lang.String,java.lang.String,java.lang.String,java.lang.String)[pri:0, instance:com.expleo.heroku.testCases.TC_003_TableTestDDT@5d11346a]" name="TableDDT" duration-ms="358" started-at="2021-08-18T18:48:15 IST" data-provider="TableData" finished-at="2021-08-18T18:48:15 IST">
          <params>
            <param index="0">
              <value>
                <![CDATA[Iuvaret7]]>
              </value>
            </param>
            <param index="1">
              <value>
                <![CDATA[Apeirian7]]>
              </value>
            </param>
            <param index="2">
              <value>
                <![CDATA[Adipisci7]]>
              </value>
            </param>
            <param index="3">
              <value>
                <![CDATA[Definiebas7]]>
              </value>
            </param>
            <param index="4">
              <value>
                <![CDATA[Consequuntur7]]>
              </value>
            </param>
            <param index="5">
              <value>
                <![CDATA[Phaedrum7]]>
              </value>
            </param>
            <param index="6">
              <value>
                <![CDATA[8]]>
              </value>
            </param>
            <param index="7">
              <value>
                <![CDATA[1]]>
              </value>
            </param>
          </params>
          <reporter-output>
          </reporter-output>
        </test-method> <!-- TableDDT -->
        <test-method status="PASS" signature="TableDDT(java.lang.String,java.lang.String,java.lang.String,java.lang.String,java.lang.String,java.lang.String,java.lang.String,java.lang.String)[pri:0, instance:com.expleo.heroku.testCases.TC_003_TableTestDDT@5d11346a]" name="TableDDT" duration-ms="325" started-at="2021-08-18T18:48:15 IST" data-provider="TableData" finished-at="2021-08-18T18:48:15 IST">
          <params>
            <param index="0">
              <value>
                <![CDATA[Iuvaret8]]>
              </value>
            </param>
            <param index="1">
              <value>
                <![CDATA[Apeirian8]]>
              </value>
            </param>
            <param index="2">
              <value>
                <![CDATA[Adipisci8]]>
              </value>
            </param>
            <param index="3">
              <value>
                <![CDATA[Definiebas8]]>
              </value>
            </param>
            <param index="4">
              <value>
                <![CDATA[Consequuntur8]]>
              </value>
            </param>
            <param index="5">
              <value>
                <![CDATA[Phaedrum8]]>
              </value>
            </param>
            <param index="6">
              <value>
                <![CDATA[9]]>
              </value>
            </param>
            <param index="7">
              <value>
                <![CDATA[1]]>
              </value>
            </param>
          </params>
          <reporter-output>
          </reporter-output>
        </test-method> <!-- TableDDT -->
        <test-method status="PASS" signature="TableDDT(java.lang.String,java.lang.String,java.lang.String,java.lang.String,java.lang.String,java.lang.String,java.lang.String,java.lang.String)[pri:0, instance:com.expleo.heroku.testCases.TC_003_TableTestDDT@5d11346a]" name="TableDDT" duration-ms="340" started-at="2021-08-18T18:48:15 IST" data-provider="TableData" finished-at="2021-08-18T18:48:16 IST">
          <params>
            <param index="0">
              <value>
                <![CDATA[Iuvaret9]]>
              </value>
            </param>
            <param index="1">
              <value>
                <![CDATA[Apeirian9]]>
              </value>
            </param>
            <param index="2">
              <value>
                <![CDATA[Adipisci9]]>
              </value>
            </param>
            <param index="3">
              <value>
                <![CDATA[Definiebas9]]>
              </value>
            </param>
            <param index="4">
              <value>
                <![CDATA[Consequuntur9]]>
              </value>
            </param>
            <param index="5">
              <value>
                <![CDATA[Phaedrum9]]>
              </value>
            </param>
            <param index="6">
              <value>
                <![CDATA[10]]>
              </value>
            </param>
            <param index="7">
              <value>
                <![CDATA[1]]>
              </value>
            </param>
          </params>
          <reporter-output>
          </reporter-output>
        </test-method> <!-- TableDDT -->
        <test-method status="PASS" signature="tearDown()[pri:0, instance:com.expleo.heroku.testCases.TC_003_TableTestDDT@5d11346a]" name="tearDown" is-config="true" duration-ms="654" started-at="2021-08-18T18:48:16 IST" finished-at="2021-08-18T18:48:16 IST">
          <reporter-output>
          </reporter-output>
        </test-method> <!-- tearDown -->
      </class> <!-- com.expleo.heroku.testCases.TC_003_TableTestDDT -->
      <class name="com.expleo.heroku.testCases.TC_004_HeaderTest">
        <test-method status="PASS" signature="init(java.lang.String)[pri:0, instance:com.expleo.heroku.testCases.TC_004_HeaderTest@7a36aefa]" name="init" is-config="true" duration-ms="4921" started-at="2021-08-18T18:48:16 IST" finished-at="2021-08-18T18:48:21 IST">
          <params>
            <param index="0">
              <value>
                <![CDATA[chrome]]>
              </value>
            </param>
          </params>
          <reporter-output>
          </reporter-output>
        </test-method> <!-- init -->
        <test-method status="PASS" signature="headTest()[pri:0, instance:com.expleo.heroku.testCases.TC_004_HeaderTest@7a36aefa]" name="headTest" duration-ms="35" started-at="2021-08-18T18:48:21 IST" finished-at="2021-08-18T18:48:21 IST">
          <reporter-output>
          </reporter-output>
        </test-method> <!-- headTest -->
        <test-method status="PASS" signature="tearDown()[pri:0, instance:com.expleo.heroku.testCases.TC_004_HeaderTest@7a36aefa]" name="tearDown" is-config="true" duration-ms="650" started-at="2021-08-18T18:48:21 IST" finished-at="2021-08-18T18:48:22 IST">
          <reporter-output>
          </reporter-output>
        </test-method> <!-- tearDown -->
      </class> <!-- com.expleo.heroku.testCases.TC_004_HeaderTest -->
      <class name="com.expleo.heroku.testCases.TC_007_EditClickTest">
        <test-method status="PASS" signature="init(java.lang.String)[pri:0, instance:com.expleo.heroku.testCases.TC_007_EditClickTest@5fdba6f9]" name="init" is-config="true" duration-ms="4710" started-at="2021-08-18T18:48:36 IST" finished-at="2021-08-18T18:48:41 IST">
          <params>
            <param index="0">
              <value>
                <![CDATA[chrome]]>
              </value>
            </param>
          </params>
          <reporter-output>
          </reporter-output>
        </test-method> <!-- init -->
        <test-method status="PASS" signature="editTest()[pri:0, instance:com.expleo.heroku.testCases.TC_007_EditClickTest@5fdba6f9]" name="editTest" duration-ms="671" started-at="2021-08-18T18:48:41 IST" finished-at="2021-08-18T18:48:41 IST">
          <reporter-output>
          </reporter-output>
        </test-method> <!-- editTest -->
        <test-method status="PASS" signature="tearDown()[pri:0, instance:com.expleo.heroku.testCases.TC_007_EditClickTest@5fdba6f9]" name="tearDown" is-config="true" duration-ms="626" started-at="2021-08-18T18:48:41 IST" finished-at="2021-08-18T18:48:42 IST">
          <reporter-output>
          </reporter-output>
        </test-method> <!-- tearDown -->
      </class> <!-- com.expleo.heroku.testCases.TC_007_EditClickTest -->
      <class name="com.expleo.heroku.testCases.TC_006_CanvasTest">
        <test-method status="PASS" signature="init(java.lang.String)[pri:0, instance:com.expleo.heroku.testCases.TC_006_CanvasTest@b3d7190]" name="init" is-config="true" duration-ms="4970" started-at="2021-08-18T18:48:28 IST" finished-at="2021-08-18T18:48:33 IST">
          <params>
            <param index="0">
              <value>
                <![CDATA[chrome]]>
              </value>
            </param>
          </params>
          <reporter-output>
          </reporter-output>
        </test-method> <!-- init -->
        <test-method status="PASS" signature="canvaTest(java.lang.String)[pri:0, instance:com.expleo.heroku.testCases.TC_006_CanvasTest@b3d7190]" name="canvaTest" duration-ms="816" started-at="2021-08-18T18:48:33 IST" data-provider="Buttondata" finished-at="2021-08-18T18:48:34 IST">
          <params>
            <param index="0">
              <value>
                <![CDATA[buttonblue]]>
              </value>
            </param>
          </params>
          <reporter-output>
          </reporter-output>
        </test-method> <!-- canvaTest -->
        <test-method status="PASS" signature="canvaTest(java.lang.String)[pri:0, instance:com.expleo.heroku.testCases.TC_006_CanvasTest@b3d7190]" name="canvaTest" duration-ms="805" started-at="2021-08-18T18:48:34 IST" data-provider="Buttondata" finished-at="2021-08-18T18:48:34 IST">
          <params>
            <param index="0">
              <value>
                <![CDATA[buttonred]]>
              </value>
            </param>
          </params>
          <reporter-output>
          </reporter-output>
        </test-method> <!-- canvaTest -->
        <test-method status="PASS" signature="canvaTest(java.lang.String)[pri:0, instance:com.expleo.heroku.testCases.TC_006_CanvasTest@b3d7190]" name="canvaTest" duration-ms="818" started-at="2021-08-18T18:48:34 IST" data-provider="Buttondata" finished-at="2021-08-18T18:48:35 IST">
          <params>
            <param index="0">
              <value>
                <![CDATA[buttongreen]]>
              </value>
            </param>
          </params>
          <reporter-output>
          </reporter-output>
        </test-method> <!-- canvaTest -->
        <test-method status="PASS" signature="tearDown()[pri:0, instance:com.expleo.heroku.testCases.TC_006_CanvasTest@b3d7190]" name="tearDown" is-config="true" duration-ms="680" started-at="2021-08-18T18:48:35 IST" finished-at="2021-08-18T18:48:36 IST">
          <reporter-output>
          </reporter-output>
        </test-method> <!-- tearDown -->
      </class> <!-- com.expleo.heroku.testCases.TC_006_CanvasTest -->
      <class name="com.expleo.heroku.testCases.TC_005_ParaTest">
        <test-method status="PASS" signature="init(java.lang.String)[pri:0, instance:com.expleo.heroku.testCases.TC_005_ParaTest@17211155]" name="init" is-config="true" duration-ms="5065" started-at="2021-08-18T18:48:22 IST" finished-at="2021-08-18T18:48:27 IST">
          <params>
            <param index="0">
              <value>
                <![CDATA[chrome]]>
              </value>
            </param>
          </params>
          <reporter-output>
          </reporter-output>
        </test-method> <!-- init -->
        <test-method status="PASS" signature="paraCheck()[pri:0, instance:com.expleo.heroku.testCases.TC_005_ParaTest@17211155]" name="paraCheck" duration-ms="36" started-at="2021-08-18T18:48:27 IST" finished-at="2021-08-18T18:48:27 IST">
          <reporter-output>
          </reporter-output>
        </test-method> <!-- paraCheck -->
        <test-method status="PASS" signature="tearDown()[pri:0, instance:com.expleo.heroku.testCases.TC_005_ParaTest@17211155]" name="tearDown" is-config="true" duration-ms="671" started-at="2021-08-18T18:48:27 IST" finished-at="2021-08-18T18:48:28 IST">
          <reporter-output>
          </reporter-output>
        </test-method> <!-- tearDown -->
      </class> <!-- com.expleo.heroku.testCases.TC_005_ParaTest -->
    </test> <!-- Chrome Test -->
    <test name="Firefox Test" duration-ms="116860" started-at="2021-08-18T18:49:00 IST" finished-at="2021-08-18T18:50:57 IST">
      <class name="com.expleo.heroku.testCases.TC_009_ElementalLinkTest">
        <test-method status="PASS" signature="init(java.lang.String)[pri:0, instance:com.expleo.heroku.testCases.TC_009_ElementalLinkTest@1d7acb34]" name="init" is-config="true" duration-ms="8063" started-at="2021-08-18T18:50:42 IST" finished-at="2021-08-18T18:50:50 IST">
          <params>
            <param index="0">
              <value>
                <![CDATA[firefox]]>
              </value>
            </param>
          </params>
          <reporter-output>
          </reporter-output>
        </test-method> <!-- init -->
        <test-method status="PASS" signature="elementLinkTest()[pri:0, instance:com.expleo.heroku.testCases.TC_009_ElementalLinkTest@1d7acb34]" name="elementLinkTest" duration-ms="5127" started-at="2021-08-18T18:50:50 IST" finished-at="2021-08-18T18:50:56 IST">
          <reporter-output>
          </reporter-output>
        </test-method> <!-- elementLinkTest -->
        <test-method status="PASS" signature="tearDown()[pri:0, instance:com.expleo.heroku.testCases.TC_009_ElementalLinkTest@1d7acb34]" name="tearDown" is-config="true" duration-ms="1035" started-at="2021-08-18T18:50:56 IST" finished-at="2021-08-18T18:50:57 IST">
          <reporter-output>
          </reporter-output>
        </test-method> <!-- tearDown -->
      </class> <!-- com.expleo.heroku.testCases.TC_009_ElementalLinkTest -->
      <class name="com.expleo.heroku.testCases.TC_008_DeleteClickTest">
        <test-method status="PASS" signature="init(java.lang.String)[pri:0, instance:com.expleo.heroku.testCases.TC_008_DeleteClickTest@5f71c76a]" name="init" is-config="true" duration-ms="8037" started-at="2021-08-18T18:50:31 IST" finished-at="2021-08-18T18:50:39 IST">
          <params>
            <param index="0">
              <value>
                <![CDATA[firefox]]>
              </value>
            </param>
          </params>
          <reporter-output>
          </reporter-output>
        </test-method> <!-- init -->
        <test-method status="PASS" signature="deleteTest()[pri:0, instance:com.expleo.heroku.testCases.TC_008_DeleteClickTest@5f71c76a]" name="deleteTest" duration-ms="2401" started-at="2021-08-18T18:50:39 IST" finished-at="2021-08-18T18:50:42 IST">
          <reporter-output>
          </reporter-output>
        </test-method> <!-- deleteTest -->
        <test-method status="PASS" signature="tearDown()[pri:0, instance:com.expleo.heroku.testCases.TC_008_DeleteClickTest@5f71c76a]" name="tearDown" is-config="true" duration-ms="831" started-at="2021-08-18T18:50:42 IST" finished-at="2021-08-18T18:50:42 IST">
          <reporter-output>
          </reporter-output>
        </test-method> <!-- tearDown -->
      </class> <!-- com.expleo.heroku.testCases.TC_008_DeleteClickTest -->
      <class name="com.expleo.heroku.testCases.TC_002_ButtonTestDDT">
        <test-method status="PASS" signature="init(java.lang.String)[pri:0, instance:com.expleo.heroku.testCases.TC_002_ButtonTestDDT@44f75083]" name="init" is-config="true" duration-ms="8047" started-at="2021-08-18T18:49:10 IST" finished-at="2021-08-18T18:49:18 IST">
          <params>
            <param index="0">
              <value>
                <![CDATA[firefox]]>
              </value>
            </param>
          </params>
          <reporter-output>
          </reporter-output>
        </test-method> <!-- init -->
        <test-method status="PASS" signature="buttonDDT(java.lang.String)[pri:0, instance:com.expleo.heroku.testCases.TC_002_ButtonTestDDT@44f75083]" name="buttonDDT" duration-ms="3579" started-at="2021-08-18T18:49:18 IST" data-provider="Buttondata" finished-at="2021-08-18T18:49:21 IST">
          <params>
            <param index="0">
              <value>
                <![CDATA[buttonblue]]>
              </value>
            </param>
          </params>
          <reporter-output>
          </reporter-output>
        </test-method> <!-- buttonDDT -->
        <test-method status="PASS" signature="buttonDDT(java.lang.String)[pri:0, instance:com.expleo.heroku.testCases.TC_002_ButtonTestDDT@44f75083]" name="buttonDDT" duration-ms="3530" started-at="2021-08-18T18:49:21 IST" data-provider="Buttondata" finished-at="2021-08-18T18:49:25 IST">
          <params>
            <param index="0">
              <value>
                <![CDATA[buttonred]]>
              </value>
            </param>
          </params>
          <reporter-output>
          </reporter-output>
        </test-method> <!-- buttonDDT -->
        <test-method status="PASS" signature="buttonDDT(java.lang.String)[pri:0, instance:com.expleo.heroku.testCases.TC_002_ButtonTestDDT@44f75083]" name="buttonDDT" duration-ms="3570" started-at="2021-08-18T18:49:25 IST" data-provider="Buttondata" finished-at="2021-08-18T18:49:28 IST">
          <params>
            <param index="0">
              <value>
                <![CDATA[buttongreen]]>
              </value>
            </param>
          </params>
          <reporter-output>
          </reporter-output>
        </test-method> <!-- buttonDDT -->
        <test-method status="PASS" signature="tearDown()[pri:0, instance:com.expleo.heroku.testCases.TC_002_ButtonTestDDT@44f75083]" name="tearDown" is-config="true" duration-ms="829" started-at="2021-08-18T18:49:28 IST" finished-at="2021-08-18T18:49:29 IST">
          <reporter-output>
          </reporter-output>
        </test-method> <!-- tearDown -->
      </class> <!-- com.expleo.heroku.testCases.TC_002_ButtonTestDDT -->
      <class name="com.expleo.heroku.testCases.TC_001_TitleTest">
        <test-method status="PASS" signature="init(java.lang.String)[pri:0, instance:com.expleo.heroku.testCases.TC_001_TitleTest@6366ebe0]" name="init" is-config="true" duration-ms="8676" started-at="2021-08-18T18:49:00 IST" finished-at="2021-08-18T18:49:08 IST">
          <params>
            <param index="0">
              <value>
                <![CDATA[firefox]]>
              </value>
            </param>
          </params>
          <reporter-output>
          </reporter-output>
        </test-method> <!-- init -->
        <test-method status="PASS" signature="titleTest()[pri:0, instance:com.expleo.heroku.testCases.TC_001_TitleTest@6366ebe0]" name="titleTest" duration-ms="24" started-at="2021-08-18T18:49:08 IST" finished-at="2021-08-18T18:49:08 IST">
          <reporter-output>
          </reporter-output>
        </test-method> <!-- titleTest -->
        <test-method status="PASS" signature="tearDown()[pri:0, instance:com.expleo.heroku.testCases.TC_001_TitleTest@6366ebe0]" name="tearDown" is-config="true" duration-ms="1171" started-at="2021-08-18T18:49:08 IST" finished-at="2021-08-18T18:49:10 IST">
          <reporter-output>
          </reporter-output>
        </test-method> <!-- tearDown -->
      </class> <!-- com.expleo.heroku.testCases.TC_001_TitleTest -->
      <class name="com.expleo.heroku.testCases.TC_004_HeaderTest">
        <test-method status="PASS" signature="init(java.lang.String)[pri:0, instance:com.expleo.heroku.testCases.TC_004_HeaderTest@43d7741f]" name="init" is-config="true" duration-ms="9245" started-at="2021-08-18T18:49:44 IST" finished-at="2021-08-18T18:49:53 IST">
          <params>
            <param index="0">
              <value>
                <![CDATA[firefox]]>
              </value>
            </param>
          </params>
          <reporter-output>
          </reporter-output>
        </test-method> <!-- init -->
        <test-method status="PASS" signature="headTest()[pri:0, instance:com.expleo.heroku.testCases.TC_004_HeaderTest@43d7741f]" name="headTest" duration-ms="40" started-at="2021-08-18T18:49:53 IST" finished-at="2021-08-18T18:49:53 IST">
          <reporter-output>
          </reporter-output>
        </test-method> <!-- headTest -->
        <test-method status="PASS" signature="tearDown()[pri:0, instance:com.expleo.heroku.testCases.TC_004_HeaderTest@43d7741f]" name="tearDown" is-config="true" duration-ms="1219" started-at="2021-08-18T18:49:53 IST" finished-at="2021-08-18T18:49:54 IST">
          <reporter-output>
          </reporter-output>
        </test-method> <!-- tearDown -->
      </class> <!-- com.expleo.heroku.testCases.TC_004_HeaderTest -->
      <class name="com.expleo.heroku.testCases.TC_003_TableTestDDT">
        <test-method status="PASS" signature="init(java.lang.String)[pri:0, instance:com.expleo.heroku.testCases.TC_003_TableTestDDT@2698dc7]" name="init" is-config="true" duration-ms="10795" started-at="2021-08-18T18:49:29 IST" finished-at="2021-08-18T18:49:40 IST">
          <params>
            <param index="0">
              <value>
                <![CDATA[firefox]]>
              </value>
            </param>
          </params>
          <reporter-output>
          </reporter-output>
        </test-method> <!-- init -->
        <test-method status="PASS" signature="TableDDT(java.lang.String,java.lang.String,java.lang.String,java.lang.String,java.lang.String,java.lang.String,java.lang.String,java.lang.String)[pri:0, instance:com.expleo.heroku.testCases.TC_003_TableTestDDT@2698dc7]" name="TableDDT" duration-ms="217" started-at="2021-08-18T18:49:41 IST" data-provider="TableData" finished-at="2021-08-18T18:49:41 IST">
          <params>
            <param index="0">
              <value>
                <![CDATA[Iuvaret0]]>
              </value>
            </param>
            <param index="1">
              <value>
                <![CDATA[Apeirian0]]>
              </value>
            </param>
            <param index="2">
              <value>
                <![CDATA[Adipisci0]]>
              </value>
            </param>
            <param index="3">
              <value>
                <![CDATA[Definiebas0]]>
              </value>
            </param>
            <param index="4">
              <value>
                <![CDATA[Consequuntur0]]>
              </value>
            </param>
            <param index="5">
              <value>
                <![CDATA[Phaedrum0]]>
              </value>
            </param>
            <param index="6">
              <value>
                <![CDATA[1]]>
              </value>
            </param>
            <param index="7">
              <value>
                <![CDATA[1]]>
              </value>
            </param>
          </params>
          <reporter-output>
          </reporter-output>
        </test-method> <!-- TableDDT -->
        <test-method status="PASS" signature="TableDDT(java.lang.String,java.lang.String,java.lang.String,java.lang.String,java.lang.String,java.lang.String,java.lang.String,java.lang.String)[pri:0, instance:com.expleo.heroku.testCases.TC_003_TableTestDDT@2698dc7]" name="TableDDT" duration-ms="185" started-at="2021-08-18T18:49:41 IST" data-provider="TableData" finished-at="2021-08-18T18:49:41 IST">
          <params>
            <param index="0">
              <value>
                <![CDATA[Iuvaret1]]>
              </value>
            </param>
            <param index="1">
              <value>
                <![CDATA[Apeirian1]]>
              </value>
            </param>
            <param index="2">
              <value>
                <![CDATA[Adipisci1]]>
              </value>
            </param>
            <param index="3">
              <value>
                <![CDATA[Definiebas1]]>
              </value>
            </param>
            <param index="4">
              <value>
                <![CDATA[Consequuntur1]]>
              </value>
            </param>
            <param index="5">
              <value>
                <![CDATA[Phaedrum1]]>
              </value>
            </param>
            <param index="6">
              <value>
                <![CDATA[2]]>
              </value>
            </param>
            <param index="7">
              <value>
                <![CDATA[1]]>
              </value>
            </param>
          </params>
          <reporter-output>
          </reporter-output>
        </test-method> <!-- TableDDT -->
        <test-method status="PASS" signature="TableDDT(java.lang.String,java.lang.String,java.lang.String,java.lang.String,java.lang.String,java.lang.String,java.lang.String,java.lang.String)[pri:0, instance:com.expleo.heroku.testCases.TC_003_TableTestDDT@2698dc7]" name="TableDDT" duration-ms="187" started-at="2021-08-18T18:49:41 IST" data-provider="TableData" finished-at="2021-08-18T18:49:42 IST">
          <params>
            <param index="0">
              <value>
                <![CDATA[Iuvaret2]]>
              </value>
            </param>
            <param index="1">
              <value>
                <![CDATA[Apeirian2]]>
              </value>
            </param>
            <param index="2">
              <value>
                <![CDATA[Adipisci2]]>
              </value>
            </param>
            <param index="3">
              <value>
                <![CDATA[Definiebas2]]>
              </value>
            </param>
            <param index="4">
              <value>
                <![CDATA[Consequuntur2]]>
              </value>
            </param>
            <param index="5">
              <value>
                <![CDATA[Phaedrum2]]>
              </value>
            </param>
            <param index="6">
              <value>
                <![CDATA[3]]>
              </value>
            </param>
            <param index="7">
              <value>
                <![CDATA[1]]>
              </value>
            </param>
          </params>
          <reporter-output>
          </reporter-output>
        </test-method> <!-- TableDDT -->
        <test-method status="PASS" signature="TableDDT(java.lang.String,java.lang.String,java.lang.String,java.lang.String,java.lang.String,java.lang.String,java.lang.String,java.lang.String)[pri:0, instance:com.expleo.heroku.testCases.TC_003_TableTestDDT@2698dc7]" name="TableDDT" duration-ms="187" started-at="2021-08-18T18:49:42 IST" data-provider="TableData" finished-at="2021-08-18T18:49:42 IST">
          <params>
            <param index="0">
              <value>
                <![CDATA[Iuvaret3]]>
              </value>
            </param>
            <param index="1">
              <value>
                <![CDATA[Apeirian3]]>
              </value>
            </param>
            <param index="2">
              <value>
                <![CDATA[Adipisci3]]>
              </value>
            </param>
            <param index="3">
              <value>
                <![CDATA[Definiebas3]]>
              </value>
            </param>
            <param index="4">
              <value>
                <![CDATA[Consequuntur3]]>
              </value>
            </param>
            <param index="5">
              <value>
                <![CDATA[Phaedrum3]]>
              </value>
            </param>
            <param index="6">
              <value>
                <![CDATA[4]]>
              </value>
            </param>
            <param index="7">
              <value>
                <![CDATA[1]]>
              </value>
            </param>
          </params>
          <reporter-output>
          </reporter-output>
        </test-method> <!-- TableDDT -->
        <test-method status="PASS" signature="TableDDT(java.lang.String,java.lang.String,java.lang.String,java.lang.String,java.lang.String,java.lang.String,java.lang.String,java.lang.String)[pri:0, instance:com.expleo.heroku.testCases.TC_003_TableTestDDT@2698dc7]" name="TableDDT" duration-ms="187" started-at="2021-08-18T18:49:42 IST" data-provider="TableData" finished-at="2021-08-18T18:49:42 IST">
          <params>
            <param index="0">
              <value>
                <![CDATA[Iuvaret4]]>
              </value>
            </param>
            <param index="1">
              <value>
                <![CDATA[Apeirian4]]>
              </value>
            </param>
            <param index="2">
              <value>
                <![CDATA[Adipisci4]]>
              </value>
            </param>
            <param index="3">
              <value>
                <![CDATA[Definiebas4]]>
              </value>
            </param>
            <param index="4">
              <value>
                <![CDATA[Consequuntur4]]>
              </value>
            </param>
            <param index="5">
              <value>
                <![CDATA[Phaedrum4]]>
              </value>
            </param>
            <param index="6">
              <value>
                <![CDATA[5]]>
              </value>
            </param>
            <param index="7">
              <value>
                <![CDATA[1]]>
              </value>
            </param>
          </params>
          <reporter-output>
          </reporter-output>
        </test-method> <!-- TableDDT -->
        <test-method status="PASS" signature="TableDDT(java.lang.String,java.lang.String,java.lang.String,java.lang.String,java.lang.String,java.lang.String,java.lang.String,java.lang.String)[pri:0, instance:com.expleo.heroku.testCases.TC_003_TableTestDDT@2698dc7]" name="TableDDT" duration-ms="188" started-at="2021-08-18T18:49:42 IST" data-provider="TableData" finished-at="2021-08-18T18:49:42 IST">
          <params>
            <param index="0">
              <value>
                <![CDATA[Iuvaret5]]>
              </value>
            </param>
            <param index="1">
              <value>
                <![CDATA[Apeirian5]]>
              </value>
            </param>
            <param index="2">
              <value>
                <![CDATA[Adipisci5]]>
              </value>
            </param>
            <param index="3">
              <value>
                <![CDATA[Definiebas5]]>
              </value>
            </param>
            <param index="4">
              <value>
                <![CDATA[Consequuntur5]]>
              </value>
            </param>
            <param index="5">
              <value>
                <![CDATA[Phaedrum5]]>
              </value>
            </param>
            <param index="6">
              <value>
                <![CDATA[6]]>
              </value>
            </param>
            <param index="7">
              <value>
                <![CDATA[1]]>
              </value>
            </param>
          </params>
          <reporter-output>
          </reporter-output>
        </test-method> <!-- TableDDT -->
        <test-method status="PASS" signature="TableDDT(java.lang.String,java.lang.String,java.lang.String,java.lang.String,java.lang.String,java.lang.String,java.lang.String,java.lang.String)[pri:0, instance:com.expleo.heroku.testCases.TC_003_TableTestDDT@2698dc7]" name="TableDDT" duration-ms="181" started-at="2021-08-18T18:49:42 IST" data-provider="TableData" finished-at="2021-08-18T18:49:42 IST">
          <params>
            <param index="0">
              <value>
                <![CDATA[Iuvaret6]]>
              </value>
            </param>
            <param index="1">
              <value>
                <![CDATA[Apeirian6]]>
              </value>
            </param>
            <param index="2">
              <value>
                <![CDATA[Adipisci6]]>
              </value>
            </param>
            <param index="3">
              <value>
                <![CDATA[Definiebas6]]>
              </value>
            </param>
            <param index="4">
              <value>
                <![CDATA[Consequuntur6]]>
              </value>
            </param>
            <param index="5">
              <value>
                <![CDATA[Phaedrum6]]>
              </value>
            </param>
            <param index="6">
              <value>
                <![CDATA[7]]>
              </value>
            </param>
            <param index="7">
              <value>
                <![CDATA[1]]>
              </value>
            </param>
          </params>
          <reporter-output>
          </reporter-output>
        </test-method> <!-- TableDDT -->
        <test-method status="PASS" signature="TableDDT(java.lang.String,java.lang.String,java.lang.String,java.lang.String,java.lang.String,java.lang.String,java.lang.String,java.lang.String)[pri:0, instance:com.expleo.heroku.testCases.TC_003_TableTestDDT@2698dc7]" name="TableDDT" duration-ms="189" started-at="2021-08-18T18:49:42 IST" data-provider="TableData" finished-at="2021-08-18T18:49:43 IST">
          <params>
            <param index="0">
              <value>
                <![CDATA[Iuvaret7]]>
              </value>
            </param>
            <param index="1">
              <value>
                <![CDATA[Apeirian7]]>
              </value>
            </param>
            <param index="2">
              <value>
                <![CDATA[Adipisci7]]>
              </value>
            </param>
            <param index="3">
              <value>
                <![CDATA[Definiebas7]]>
              </value>
            </param>
            <param index="4">
              <value>
                <![CDATA[Consequuntur7]]>
              </value>
            </param>
            <param index="5">
              <value>
                <![CDATA[Phaedrum7]]>
              </value>
            </param>
            <param index="6">
              <value>
                <![CDATA[8]]>
              </value>
            </param>
            <param index="7">
              <value>
                <![CDATA[1]]>
              </value>
            </param>
          </params>
          <reporter-output>
          </reporter-output>
        </test-method> <!-- TableDDT -->
        <test-method status="PASS" signature="TableDDT(java.lang.String,java.lang.String,java.lang.String,java.lang.String,java.lang.String,java.lang.String,java.lang.String,java.lang.String)[pri:0, instance:com.expleo.heroku.testCases.TC_003_TableTestDDT@2698dc7]" name="TableDDT" duration-ms="183" started-at="2021-08-18T18:49:43 IST" data-provider="TableData" finished-at="2021-08-18T18:49:43 IST">
          <params>
            <param index="0">
              <value>
                <![CDATA[Iuvaret8]]>
              </value>
            </param>
            <param index="1">
              <value>
                <![CDATA[Apeirian8]]>
              </value>
            </param>
            <param index="2">
              <value>
                <![CDATA[Adipisci8]]>
              </value>
            </param>
            <param index="3">
              <value>
                <![CDATA[Definiebas8]]>
              </value>
            </param>
            <param index="4">
              <value>
                <![CDATA[Consequuntur8]]>
              </value>
            </param>
            <param index="5">
              <value>
                <![CDATA[Phaedrum8]]>
              </value>
            </param>
            <param index="6">
              <value>
                <![CDATA[9]]>
              </value>
            </param>
            <param index="7">
              <value>
                <![CDATA[1]]>
              </value>
            </param>
          </params>
          <reporter-output>
          </reporter-output>
        </test-method> <!-- TableDDT -->
        <test-method status="PASS" signature="TableDDT(java.lang.String,java.lang.String,java.lang.String,java.lang.String,java.lang.String,java.lang.String,java.lang.String,java.lang.String)[pri:0, instance:com.expleo.heroku.testCases.TC_003_TableTestDDT@2698dc7]" name="TableDDT" duration-ms="186" started-at="2021-08-18T18:49:43 IST" data-provider="TableData" finished-at="2021-08-18T18:49:43 IST">
          <params>
            <param index="0">
              <value>
                <![CDATA[Iuvaret9]]>
              </value>
            </param>
            <param index="1">
              <value>
                <![CDATA[Apeirian9]]>
              </value>
            </param>
            <param index="2">
              <value>
                <![CDATA[Adipisci9]]>
              </value>
            </param>
            <param index="3">
              <value>
                <![CDATA[Definiebas9]]>
              </value>
            </param>
            <param index="4">
              <value>
                <![CDATA[Consequuntur9]]>
              </value>
            </param>
            <param index="5">
              <value>
                <![CDATA[Phaedrum9]]>
              </value>
            </param>
            <param index="6">
              <value>
                <![CDATA[10]]>
              </value>
            </param>
            <param index="7">
              <value>
                <![CDATA[1]]>
              </value>
            </param>
          </params>
          <reporter-output>
          </reporter-output>
        </test-method> <!-- TableDDT -->
        <test-method status="PASS" signature="tearDown()[pri:0, instance:com.expleo.heroku.testCases.TC_003_TableTestDDT@2698dc7]" name="tearDown" is-config="true" duration-ms="787" started-at="2021-08-18T18:49:43 IST" finished-at="2021-08-18T18:49:44 IST">
          <reporter-output>
          </reporter-output>
        </test-method> <!-- tearDown -->
      </class> <!-- com.expleo.heroku.testCases.TC_003_TableTestDDT -->
      <class name="com.expleo.heroku.testCases.TC_007_EditClickTest">
        <test-method status="PASS" signature="init(java.lang.String)[pri:0, instance:com.expleo.heroku.testCases.TC_007_EditClickTest@27fe3806]" name="init" is-config="true" duration-ms="8114" started-at="2021-08-18T18:50:20 IST" finished-at="2021-08-18T18:50:28 IST">
          <params>
            <param index="0">
              <value>
                <![CDATA[firefox]]>
              </value>
            </param>
          </params>
          <reporter-output>
          </reporter-output>
        </test-method> <!-- init -->
        <test-method status="PASS" signature="editTest()[pri:0, instance:com.expleo.heroku.testCases.TC_007_EditClickTest@27fe3806]" name="editTest" duration-ms="2375" started-at="2021-08-18T18:50:28 IST" finished-at="2021-08-18T18:50:30 IST">
          <reporter-output>
          </reporter-output>
        </test-method> <!-- editTest -->
        <test-method status="PASS" signature="tearDown()[pri:0, instance:com.expleo.heroku.testCases.TC_007_EditClickTest@27fe3806]" name="tearDown" is-config="true" duration-ms="823" started-at="2021-08-18T18:50:30 IST" finished-at="2021-08-18T18:50:31 IST">
          <reporter-output>
          </reporter-output>
        </test-method> <!-- tearDown -->
      </class> <!-- com.expleo.heroku.testCases.TC_007_EditClickTest -->
      <class name="com.expleo.heroku.testCases.TC_006_CanvasTest">
        <test-method status="PASS" signature="init(java.lang.String)[pri:0, instance:com.expleo.heroku.testCases.TC_006_CanvasTest@69379752]" name="init" is-config="true" duration-ms="8396" started-at="2021-08-18T18:50:08 IST" finished-at="2021-08-18T18:50:16 IST">
          <params>
            <param index="0">
              <value>
                <![CDATA[firefox]]>
              </value>
            </param>
          </params>
          <reporter-output>
          </reporter-output>
        </test-method> <!-- init -->
        <test-method status="PASS" signature="canvaTest(java.lang.String)[pri:0, instance:com.expleo.heroku.testCases.TC_006_CanvasTest@69379752]" name="canvaTest" duration-ms="832" started-at="2021-08-18T18:50:16 IST" data-provider="Buttondata" finished-at="2021-08-18T18:50:17 IST">
          <params>
            <param index="0">
              <value>
                <![CDATA[buttonblue]]>
              </value>
            </param>
          </params>
          <reporter-output>
          </reporter-output>
        </test-method> <!-- canvaTest -->
        <test-method status="PASS" signature="canvaTest(java.lang.String)[pri:0, instance:com.expleo.heroku.testCases.TC_006_CanvasTest@69379752]" name="canvaTest" duration-ms="805" started-at="2021-08-18T18:50:17 IST" data-provider="Buttondata" finished-at="2021-08-18T18:50:18 IST">
          <params>
            <param index="0">
              <value>
                <![CDATA[buttonred]]>
              </value>
            </param>
          </params>
          <reporter-output>
          </reporter-output>
        </test-method> <!-- canvaTest -->
        <test-method status="PASS" signature="canvaTest(java.lang.String)[pri:0, instance:com.expleo.heroku.testCases.TC_006_CanvasTest@69379752]" name="canvaTest" duration-ms="837" started-at="2021-08-18T18:50:18 IST" data-provider="Buttondata" finished-at="2021-08-18T18:50:19 IST">
          <params>
            <param index="0">
              <value>
                <![CDATA[buttongreen]]>
              </value>
            </param>
          </params>
          <reporter-output>
          </reporter-output>
        </test-method> <!-- canvaTest -->
        <test-method status="PASS" signature="tearDown()[pri:0, instance:com.expleo.heroku.testCases.TC_006_CanvasTest@69379752]" name="tearDown" is-config="true" duration-ms="814" started-at="2021-08-18T18:50:19 IST" finished-at="2021-08-18T18:50:20 IST">
          <reporter-output>
          </reporter-output>
        </test-method> <!-- tearDown -->
      </class> <!-- com.expleo.heroku.testCases.TC_006_CanvasTest -->
      <class name="com.expleo.heroku.testCases.TC_005_ParaTest">
        <test-method status="PASS" signature="init(java.lang.String)[pri:0, instance:com.expleo.heroku.testCases.TC_005_ParaTest@17baae6e]" name="init" is-config="true" duration-ms="12742" started-at="2021-08-18T18:49:54 IST" finished-at="2021-08-18T18:50:07 IST">
          <params>
            <param index="0">
              <value>
                <![CDATA[firefox]]>
              </value>
            </param>
          </params>
          <reporter-output>
          </reporter-output>
        </test-method> <!-- init -->
        <test-method status="PASS" signature="paraCheck()[pri:0, instance:com.expleo.heroku.testCases.TC_005_ParaTest@17baae6e]" name="paraCheck" duration-ms="53" started-at="2021-08-18T18:50:07 IST" finished-at="2021-08-18T18:50:07 IST">
          <reporter-output>
          </reporter-output>
        </test-method> <!-- paraCheck -->
        <test-method status="PASS" signature="tearDown()[pri:0, instance:com.expleo.heroku.testCases.TC_005_ParaTest@17baae6e]" name="tearDown" is-config="true" duration-ms="1049" started-at="2021-08-18T18:50:07 IST" finished-at="2021-08-18T18:50:08 IST">
          <reporter-output>
          </reporter-output>
        </test-method> <!-- tearDown -->
      </class> <!-- com.expleo.heroku.testCases.TC_005_ParaTest -->
    </test> <!-- Firefox Test -->
    <test name="Edge Test" duration-ms="76331" started-at="2021-08-18T18:50:57 IST" finished-at="2021-08-18T18:52:13 IST">
      <class name="com.expleo.heroku.testCases.TC_009_ElementalLinkTest">
        <test-method status="PASS" signature="init(java.lang.String)[pri:0, instance:com.expleo.heroku.testCases.TC_009_ElementalLinkTest@2473b9ce]" name="init" is-config="true" duration-ms="4924" started-at="2021-08-18T18:52:02 IST" finished-at="2021-08-18T18:52:07 IST">
          <params>
            <param index="0">
              <value>
                <![CDATA[edge]]>
              </value>
            </param>
          </params>
          <reporter-output>
          </reporter-output>
        </test-method> <!-- init -->
        <test-method status="PASS" signature="elementLinkTest()[pri:0, instance:com.expleo.heroku.testCases.TC_009_ElementalLinkTest@2473b9ce]" name="elementLinkTest" duration-ms="5146" started-at="2021-08-18T18:52:07 IST" finished-at="2021-08-18T18:52:12 IST">
          <reporter-output>
          </reporter-output>
        </test-method> <!-- elementLinkTest -->
        <test-method status="PASS" signature="tearDown()[pri:0, instance:com.expleo.heroku.testCases.TC_009_ElementalLinkTest@2473b9ce]" name="tearDown" is-config="true" duration-ms="717" started-at="2021-08-18T18:52:12 IST" finished-at="2021-08-18T18:52:13 IST">
          <reporter-output>
          </reporter-output>
        </test-method> <!-- tearDown -->
      </class> <!-- com.expleo.heroku.testCases.TC_009_ElementalLinkTest -->
      <class name="com.expleo.heroku.testCases.TC_008_DeleteClickTest">
        <test-method status="PASS" signature="init(java.lang.String)[pri:0, instance:com.expleo.heroku.testCases.TC_008_DeleteClickTest@50de0926]" name="init" is-config="true" duration-ms="4835" started-at="2021-08-18T18:51:56 IST" finished-at="2021-08-18T18:52:01 IST">
          <params>
            <param index="0">
              <value>
                <![CDATA[edge]]>
              </value>
            </param>
          </params>
          <reporter-output>
          </reporter-output>
        </test-method> <!-- init -->
        <test-method status="PASS" signature="deleteTest()[pri:0, instance:com.expleo.heroku.testCases.TC_008_DeleteClickTest@50de0926]" name="deleteTest" duration-ms="637" started-at="2021-08-18T18:52:01 IST" finished-at="2021-08-18T18:52:02 IST">
          <reporter-output>
          </reporter-output>
        </test-method> <!-- deleteTest -->
        <test-method status="PASS" signature="tearDown()[pri:0, instance:com.expleo.heroku.testCases.TC_008_DeleteClickTest@50de0926]" name="tearDown" is-config="true" duration-ms="658" started-at="2021-08-18T18:52:02 IST" finished-at="2021-08-18T18:52:02 IST">
          <reporter-output>
          </reporter-output>
        </test-method> <!-- tearDown -->
      </class> <!-- com.expleo.heroku.testCases.TC_008_DeleteClickTest -->
      <class name="com.expleo.heroku.testCases.TC_002_ButtonTestDDT">
        <test-method status="PASS" signature="init(java.lang.String)[pri:0, instance:com.expleo.heroku.testCases.TC_002_ButtonTestDDT@133e16fd]" name="init" is-config="true" duration-ms="4879" started-at="2021-08-18T18:51:03 IST" finished-at="2021-08-18T18:51:08 IST">
          <params>
            <param index="0">
              <value>
                <![CDATA[edge]]>
              </value>
            </param>
          </params>
          <reporter-output>
          </reporter-output>
        </test-method> <!-- init -->
        <test-method status="PASS" signature="buttonDDT(java.lang.String)[pri:0, instance:com.expleo.heroku.testCases.TC_002_ButtonTestDDT@133e16fd]" name="buttonDDT" duration-ms="3524" started-at="2021-08-18T18:51:08 IST" data-provider="Buttondata" finished-at="2021-08-18T18:51:11 IST">
          <params>
            <param index="0">
              <value>
                <![CDATA[buttonblue]]>
              </value>
            </param>
          </params>
          <reporter-output>
          </reporter-output>
        </test-method> <!-- buttonDDT -->
        <test-method status="PASS" signature="buttonDDT(java.lang.String)[pri:0, instance:com.expleo.heroku.testCases.TC_002_ButtonTestDDT@133e16fd]" name="buttonDDT" duration-ms="3543" started-at="2021-08-18T18:51:11 IST" data-provider="Buttondata" finished-at="2021-08-18T18:51:15 IST">
          <params>
            <param index="0">
              <value>
                <![CDATA[buttonred]]>
              </value>
            </param>
          </params>
          <reporter-output>
          </reporter-output>
        </test-method> <!-- buttonDDT -->
        <test-method status="PASS" signature="buttonDDT(java.lang.String)[pri:0, instance:com.expleo.heroku.testCases.TC_002_ButtonTestDDT@133e16fd]" name="buttonDDT" duration-ms="3558" started-at="2021-08-18T18:51:15 IST" data-provider="Buttondata" finished-at="2021-08-18T18:51:18 IST">
          <params>
            <param index="0">
              <value>
                <![CDATA[buttongreen]]>
              </value>
            </param>
          </params>
          <reporter-output>
          </reporter-output>
        </test-method> <!-- buttonDDT -->
        <test-method status="PASS" signature="tearDown()[pri:0, instance:com.expleo.heroku.testCases.TC_002_ButtonTestDDT@133e16fd]" name="tearDown" is-config="true" duration-ms="993" started-at="2021-08-18T18:51:18 IST" finished-at="2021-08-18T18:51:19 IST">
          <reporter-output>
          </reporter-output>
        </test-method> <!-- tearDown -->
      </class> <!-- com.expleo.heroku.testCases.TC_002_ButtonTestDDT -->
      <class name="com.expleo.heroku.testCases.TC_001_TitleTest">
        <test-method status="PASS" signature="init(java.lang.String)[pri:0, instance:com.expleo.heroku.testCases.TC_001_TitleTest@5e57643e]" name="init" is-config="true" duration-ms="5392" started-at="2021-08-18T18:50:57 IST" finished-at="2021-08-18T18:51:02 IST">
          <params>
            <param index="0">
              <value>
                <![CDATA[edge]]>
              </value>
            </param>
          </params>
          <reporter-output>
          </reporter-output>
        </test-method> <!-- init -->
        <test-method status="PASS" signature="titleTest()[pri:0, instance:com.expleo.heroku.testCases.TC_001_TitleTest@5e57643e]" name="titleTest" duration-ms="6" started-at="2021-08-18T18:51:02 IST" finished-at="2021-08-18T18:51:02 IST">
          <reporter-output>
          </reporter-output>
        </test-method> <!-- titleTest -->
        <test-method status="PASS" signature="tearDown()[pri:0, instance:com.expleo.heroku.testCases.TC_001_TitleTest@5e57643e]" name="tearDown" is-config="true" duration-ms="637" started-at="2021-08-18T18:51:02 IST" finished-at="2021-08-18T18:51:03 IST">
          <reporter-output>
          </reporter-output>
        </test-method> <!-- tearDown -->
      </class> <!-- com.expleo.heroku.testCases.TC_001_TitleTest -->
      <class name="com.expleo.heroku.testCases.TC_004_HeaderTest">
        <test-method status="PASS" signature="init(java.lang.String)[pri:0, instance:com.expleo.heroku.testCases.TC_004_HeaderTest@1ad282e0]" name="init" is-config="true" duration-ms="5215" started-at="2021-08-18T18:51:29 IST" finished-at="2021-08-18T18:51:34 IST">
          <params>
            <param index="0">
              <value>
                <![CDATA[edge]]>
              </value>
            </param>
          </params>
          <reporter-output>
          </reporter-output>
        </test-method> <!-- init -->
        <test-method status="PASS" signature="headTest()[pri:0, instance:com.expleo.heroku.testCases.TC_004_HeaderTest@1ad282e0]" name="headTest" duration-ms="42" started-at="2021-08-18T18:51:34 IST" finished-at="2021-08-18T18:51:34 IST">
          <reporter-output>
          </reporter-output>
        </test-method> <!-- headTest -->
        <test-method status="PASS" signature="tearDown()[pri:0, instance:com.expleo.heroku.testCases.TC_004_HeaderTest@1ad282e0]" name="tearDown" is-config="true" duration-ms="629" started-at="2021-08-18T18:51:34 IST" finished-at="2021-08-18T18:51:34 IST">
          <reporter-output>
          </reporter-output>
        </test-method> <!-- tearDown -->
      </class> <!-- com.expleo.heroku.testCases.TC_004_HeaderTest -->
      <class name="com.expleo.heroku.testCases.TC_003_TableTestDDT">
        <test-method status="PASS" signature="init(java.lang.String)[pri:0, instance:com.expleo.heroku.testCases.TC_003_TableTestDDT@51b279c9]" name="init" is-config="true" duration-ms="4773" started-at="2021-08-18T18:51:19 IST" finished-at="2021-08-18T18:51:24 IST">
          <params>
            <param index="0">
              <value>
                <![CDATA[edge]]>
              </value>
            </param>
          </params>
          <reporter-output>
          </reporter-output>
        </test-method> <!-- init -->
        <test-method status="PASS" signature="TableDDT(java.lang.String,java.lang.String,java.lang.String,java.lang.String,java.lang.String,java.lang.String,java.lang.String,java.lang.String)[pri:0, instance:com.expleo.heroku.testCases.TC_003_TableTestDDT@51b279c9]" name="TableDDT" duration-ms="302" started-at="2021-08-18T18:51:25 IST" data-provider="TableData" finished-at="2021-08-18T18:51:25 IST">
          <params>
            <param index="0">
              <value>
                <![CDATA[Iuvaret0]]>
              </value>
            </param>
            <param index="1">
              <value>
                <![CDATA[Apeirian0]]>
              </value>
            </param>
            <param index="2">
              <value>
                <![CDATA[Adipisci0]]>
              </value>
            </param>
            <param index="3">
              <value>
                <![CDATA[Definiebas0]]>
              </value>
            </param>
            <param index="4">
              <value>
                <![CDATA[Consequuntur0]]>
              </value>
            </param>
            <param index="5">
              <value>
                <![CDATA[Phaedrum0]]>
              </value>
            </param>
            <param index="6">
              <value>
                <![CDATA[1]]>
              </value>
            </param>
            <param index="7">
              <value>
                <![CDATA[1]]>
              </value>
            </param>
          </params>
          <reporter-output>
          </reporter-output>
        </test-method> <!-- TableDDT -->
        <test-method status="PASS" signature="TableDDT(java.lang.String,java.lang.String,java.lang.String,java.lang.String,java.lang.String,java.lang.String,java.lang.String,java.lang.String)[pri:0, instance:com.expleo.heroku.testCases.TC_003_TableTestDDT@51b279c9]" name="TableDDT" duration-ms="284" started-at="2021-08-18T18:51:25 IST" data-provider="TableData" finished-at="2021-08-18T18:51:25 IST">
          <params>
            <param index="0">
              <value>
                <![CDATA[Iuvaret1]]>
              </value>
            </param>
            <param index="1">
              <value>
                <![CDATA[Apeirian1]]>
              </value>
            </param>
            <param index="2">
              <value>
                <![CDATA[Adipisci1]]>
              </value>
            </param>
            <param index="3">
              <value>
                <![CDATA[Definiebas1]]>
              </value>
            </param>
            <param index="4">
              <value>
                <![CDATA[Consequuntur1]]>
              </value>
            </param>
            <param index="5">
              <value>
                <![CDATA[Phaedrum1]]>
              </value>
            </param>
            <param index="6">
              <value>
                <![CDATA[2]]>
              </value>
            </param>
            <param index="7">
              <value>
                <![CDATA[1]]>
              </value>
            </param>
          </params>
          <reporter-output>
          </reporter-output>
        </test-method> <!-- TableDDT -->
        <test-method status="PASS" signature="TableDDT(java.lang.String,java.lang.String,java.lang.String,java.lang.String,java.lang.String,java.lang.String,java.lang.String,java.lang.String)[pri:0, instance:com.expleo.heroku.testCases.TC_003_TableTestDDT@51b279c9]" name="TableDDT" duration-ms="307" started-at="2021-08-18T18:51:25 IST" data-provider="TableData" finished-at="2021-08-18T18:51:26 IST">
          <params>
            <param index="0">
              <value>
                <![CDATA[Iuvaret2]]>
              </value>
            </param>
            <param index="1">
              <value>
                <![CDATA[Apeirian2]]>
              </value>
            </param>
            <param index="2">
              <value>
                <![CDATA[Adipisci2]]>
              </value>
            </param>
            <param index="3">
              <value>
                <![CDATA[Definiebas2]]>
              </value>
            </param>
            <param index="4">
              <value>
                <![CDATA[Consequuntur2]]>
              </value>
            </param>
            <param index="5">
              <value>
                <![CDATA[Phaedrum2]]>
              </value>
            </param>
            <param index="6">
              <value>
                <![CDATA[3]]>
              </value>
            </param>
            <param index="7">
              <value>
                <![CDATA[1]]>
              </value>
            </param>
          </params>
          <reporter-output>
          </reporter-output>
        </test-method> <!-- TableDDT -->
        <test-method status="PASS" signature="TableDDT(java.lang.String,java.lang.String,java.lang.String,java.lang.String,java.lang.String,java.lang.String,java.lang.String,java.lang.String)[pri:0, instance:com.expleo.heroku.testCases.TC_003_TableTestDDT@51b279c9]" name="TableDDT" duration-ms="358" started-at="2021-08-18T18:51:26 IST" data-provider="TableData" finished-at="2021-08-18T18:51:26 IST">
          <params>
            <param index="0">
              <value>
                <![CDATA[Iuvaret3]]>
              </value>
            </param>
            <param index="1">
              <value>
                <![CDATA[Apeirian3]]>
              </value>
            </param>
            <param index="2">
              <value>
                <![CDATA[Adipisci3]]>
              </value>
            </param>
            <param index="3">
              <value>
                <![CDATA[Definiebas3]]>
              </value>
            </param>
            <param index="4">
              <value>
                <![CDATA[Consequuntur3]]>
              </value>
            </param>
            <param index="5">
              <value>
                <![CDATA[Phaedrum3]]>
              </value>
            </param>
            <param index="6">
              <value>
                <![CDATA[4]]>
              </value>
            </param>
            <param index="7">
              <value>
                <![CDATA[1]]>
              </value>
            </param>
          </params>
          <reporter-output>
          </reporter-output>
        </test-method> <!-- TableDDT -->
        <test-method status="PASS" signature="TableDDT(java.lang.String,java.lang.String,java.lang.String,java.lang.String,java.lang.String,java.lang.String,java.lang.String,java.lang.String)[pri:0, instance:com.expleo.heroku.testCases.TC_003_TableTestDDT@51b279c9]" name="TableDDT" duration-ms="301" started-at="2021-08-18T18:51:26 IST" data-provider="TableData" finished-at="2021-08-18T18:51:26 IST">
          <params>
            <param index="0">
              <value>
                <![CDATA[Iuvaret4]]>
              </value>
            </param>
            <param index="1">
              <value>
                <![CDATA[Apeirian4]]>
              </value>
            </param>
            <param index="2">
              <value>
                <![CDATA[Adipisci4]]>
              </value>
            </param>
            <param index="3">
              <value>
                <![CDATA[Definiebas4]]>
              </value>
            </param>
            <param index="4">
              <value>
                <![CDATA[Consequuntur4]]>
              </value>
            </param>
            <param index="5">
              <value>
                <![CDATA[Phaedrum4]]>
              </value>
            </param>
            <param index="6">
              <value>
                <![CDATA[5]]>
              </value>
            </param>
            <param index="7">
              <value>
                <![CDATA[1]]>
              </value>
            </param>
          </params>
          <reporter-output>
          </reporter-output>
        </test-method> <!-- TableDDT -->
        <test-method status="PASS" signature="TableDDT(java.lang.String,java.lang.String,java.lang.String,java.lang.String,java.lang.String,java.lang.String,java.lang.String,java.lang.String)[pri:0, instance:com.expleo.heroku.testCases.TC_003_TableTestDDT@51b279c9]" name="TableDDT" duration-ms="394" started-at="2021-08-18T18:51:26 IST" data-provider="TableData" finished-at="2021-08-18T18:51:27 IST">
          <params>
            <param index="0">
              <value>
                <![CDATA[Iuvaret5]]>
              </value>
            </param>
            <param index="1">
              <value>
                <![CDATA[Apeirian5]]>
              </value>
            </param>
            <param index="2">
              <value>
                <![CDATA[Adipisci5]]>
              </value>
            </param>
            <param index="3">
              <value>
                <![CDATA[Definiebas5]]>
              </value>
            </param>
            <param index="4">
              <value>
                <![CDATA[Consequuntur5]]>
              </value>
            </param>
            <param index="5">
              <value>
                <![CDATA[Phaedrum5]]>
              </value>
            </param>
            <param index="6">
              <value>
                <![CDATA[6]]>
              </value>
            </param>
            <param index="7">
              <value>
                <![CDATA[1]]>
              </value>
            </param>
          </params>
          <reporter-output>
          </reporter-output>
        </test-method> <!-- TableDDT -->
        <test-method status="PASS" signature="TableDDT(java.lang.String,java.lang.String,java.lang.String,java.lang.String,java.lang.String,java.lang.String,java.lang.String,java.lang.String)[pri:0, instance:com.expleo.heroku.testCases.TC_003_TableTestDDT@51b279c9]" name="TableDDT" duration-ms="287" started-at="2021-08-18T18:51:27 IST" data-provider="TableData" finished-at="2021-08-18T18:51:27 IST">
          <params>
            <param index="0">
              <value>
                <![CDATA[Iuvaret6]]>
              </value>
            </param>
            <param index="1">
              <value>
                <![CDATA[Apeirian6]]>
              </value>
            </param>
            <param index="2">
              <value>
                <![CDATA[Adipisci6]]>
              </value>
            </param>
            <param index="3">
              <value>
                <![CDATA[Definiebas6]]>
              </value>
            </param>
            <param index="4">
              <value>
                <![CDATA[Consequuntur6]]>
              </value>
            </param>
            <param index="5">
              <value>
                <![CDATA[Phaedrum6]]>
              </value>
            </param>
            <param index="6">
              <value>
                <![CDATA[7]]>
              </value>
            </param>
            <param index="7">
              <value>
                <![CDATA[1]]>
              </value>
            </param>
          </params>
          <reporter-output>
          </reporter-output>
        </test-method> <!-- TableDDT -->
        <test-method status="PASS" signature="TableDDT(java.lang.String,java.lang.String,java.lang.String,java.lang.String,java.lang.String,java.lang.String,java.lang.String,java.lang.String)[pri:0, instance:com.expleo.heroku.testCases.TC_003_TableTestDDT@51b279c9]" name="TableDDT" duration-ms="284" started-at="2021-08-18T18:51:27 IST" data-provider="TableData" finished-at="2021-08-18T18:51:27 IST">
          <params>
            <param index="0">
              <value>
                <![CDATA[Iuvaret7]]>
              </value>
            </param>
            <param index="1">
              <value>
                <![CDATA[Apeirian7]]>
              </value>
            </param>
            <param index="2">
              <value>
                <![CDATA[Adipisci7]]>
              </value>
            </param>
            <param index="3">
              <value>
                <![CDATA[Definiebas7]]>
              </value>
            </param>
            <param index="4">
              <value>
                <![CDATA[Consequuntur7]]>
              </value>
            </param>
            <param index="5">
              <value>
                <![CDATA[Phaedrum7]]>
              </value>
            </param>
            <param index="6">
              <value>
                <![CDATA[8]]>
              </value>
            </param>
            <param index="7">
              <value>
                <![CDATA[1]]>
              </value>
            </param>
          </params>
          <reporter-output>
          </reporter-output>
        </test-method> <!-- TableDDT -->
        <test-method status="PASS" signature="TableDDT(java.lang.String,java.lang.String,java.lang.String,java.lang.String,java.lang.String,java.lang.String,java.lang.String,java.lang.String)[pri:0, instance:com.expleo.heroku.testCases.TC_003_TableTestDDT@51b279c9]" name="TableDDT" duration-ms="298" started-at="2021-08-18T18:51:27 IST" data-provider="TableData" finished-at="2021-08-18T18:51:28 IST">
          <params>
            <param index="0">
              <value>
                <![CDATA[Iuvaret8]]>
              </value>
            </param>
            <param index="1">
              <value>
                <![CDATA[Apeirian8]]>
              </value>
            </param>
            <param index="2">
              <value>
                <![CDATA[Adipisci8]]>
              </value>
            </param>
            <param index="3">
              <value>
                <![CDATA[Definiebas8]]>
              </value>
            </param>
            <param index="4">
              <value>
                <![CDATA[Consequuntur8]]>
              </value>
            </param>
            <param index="5">
              <value>
                <![CDATA[Phaedrum8]]>
              </value>
            </param>
            <param index="6">
              <value>
                <![CDATA[9]]>
              </value>
            </param>
            <param index="7">
              <value>
                <![CDATA[1]]>
              </value>
            </param>
          </params>
          <reporter-output>
          </reporter-output>
        </test-method> <!-- TableDDT -->
        <test-method status="PASS" signature="TableDDT(java.lang.String,java.lang.String,java.lang.String,java.lang.String,java.lang.String,java.lang.String,java.lang.String,java.lang.String)[pri:0, instance:com.expleo.heroku.testCases.TC_003_TableTestDDT@51b279c9]" name="TableDDT" duration-ms="310" started-at="2021-08-18T18:51:28 IST" data-provider="TableData" finished-at="2021-08-18T18:51:28 IST">
          <params>
            <param index="0">
              <value>
                <![CDATA[Iuvaret9]]>
              </value>
            </param>
            <param index="1">
              <value>
                <![CDATA[Apeirian9]]>
              </value>
            </param>
            <param index="2">
              <value>
                <![CDATA[Adipisci9]]>
              </value>
            </param>
            <param index="3">
              <value>
                <![CDATA[Definiebas9]]>
              </value>
            </param>
            <param index="4">
              <value>
                <![CDATA[Consequuntur9]]>
              </value>
            </param>
            <param index="5">
              <value>
                <![CDATA[Phaedrum9]]>
              </value>
            </param>
            <param index="6">
              <value>
                <![CDATA[10]]>
              </value>
            </param>
            <param index="7">
              <value>
                <![CDATA[1]]>
              </value>
            </param>
          </params>
          <reporter-output>
          </reporter-output>
        </test-method> <!-- TableDDT -->
        <test-method status="PASS" signature="tearDown()[pri:0, instance:com.expleo.heroku.testCases.TC_003_TableTestDDT@51b279c9]" name="tearDown" is-config="true" duration-ms="668" started-at="2021-08-18T18:51:28 IST" finished-at="2021-08-18T18:51:29 IST">
          <reporter-output>
          </reporter-output>
        </test-method> <!-- tearDown -->
      </class> <!-- com.expleo.heroku.testCases.TC_003_TableTestDDT -->
      <class name="com.expleo.heroku.testCases.TC_007_EditClickTest">
        <test-method status="PASS" signature="init(java.lang.String)[pri:0, instance:com.expleo.heroku.testCases.TC_007_EditClickTest@5e955596]" name="init" is-config="true" duration-ms="5811" started-at="2021-08-18T18:51:49 IST" finished-at="2021-08-18T18:51:55 IST">
          <params>
            <param index="0">
              <value>
                <![CDATA[edge]]>
              </value>
            </param>
          </params>
          <reporter-output>
          </reporter-output>
        </test-method> <!-- init -->
        <test-method status="PASS" signature="editTest()[pri:0, instance:com.expleo.heroku.testCases.TC_007_EditClickTest@5e955596]" name="editTest" duration-ms="700" started-at="2021-08-18T18:51:55 IST" finished-at="2021-08-18T18:51:55 IST">
          <reporter-output>
          </reporter-output>
        </test-method> <!-- editTest -->
        <test-method status="PASS" signature="tearDown()[pri:0, instance:com.expleo.heroku.testCases.TC_007_EditClickTest@5e955596]" name="tearDown" is-config="true" duration-ms="656" started-at="2021-08-18T18:51:55 IST" finished-at="2021-08-18T18:51:56 IST">
          <reporter-output>
          </reporter-output>
        </test-method> <!-- tearDown -->
      </class> <!-- com.expleo.heroku.testCases.TC_007_EditClickTest -->
      <class name="com.expleo.heroku.testCases.TC_006_CanvasTest">
        <test-method status="PASS" signature="init(java.lang.String)[pri:0, instance:com.expleo.heroku.testCases.TC_006_CanvasTest@1cab0bfb]" name="init" is-config="true" duration-ms="5785" started-at="2021-08-18T18:51:40 IST" finished-at="2021-08-18T18:51:46 IST">
          <params>
            <param index="0">
              <value>
                <![CDATA[edge]]>
              </value>
            </param>
          </params>
          <reporter-output>
          </reporter-output>
        </test-method> <!-- init -->
        <test-method status="PASS" signature="canvaTest(java.lang.String)[pri:0, instance:com.expleo.heroku.testCases.TC_006_CanvasTest@1cab0bfb]" name="canvaTest" duration-ms="821" started-at="2021-08-18T18:51:46 IST" data-provider="Buttondata" finished-at="2021-08-18T18:51:47 IST">
          <params>
            <param index="0">
              <value>
                <![CDATA[buttonblue]]>
              </value>
            </param>
          </params>
          <reporter-output>
          </reporter-output>
        </test-method> <!-- canvaTest -->
        <test-method status="PASS" signature="canvaTest(java.lang.String)[pri:0, instance:com.expleo.heroku.testCases.TC_006_CanvasTest@1cab0bfb]" name="canvaTest" duration-ms="811" started-at="2021-08-18T18:51:47 IST" data-provider="Buttondata" finished-at="2021-08-18T18:51:47 IST">
          <params>
            <param index="0">
              <value>
                <![CDATA[buttonred]]>
              </value>
            </param>
          </params>
          <reporter-output>
          </reporter-output>
        </test-method> <!-- canvaTest -->
        <test-method status="PASS" signature="canvaTest(java.lang.String)[pri:0, instance:com.expleo.heroku.testCases.TC_006_CanvasTest@1cab0bfb]" name="canvaTest" duration-ms="819" started-at="2021-08-18T18:51:47 IST" data-provider="Buttondata" finished-at="2021-08-18T18:51:48 IST">
          <params>
            <param index="0">
              <value>
                <![CDATA[buttongreen]]>
              </value>
            </param>
          </params>
          <reporter-output>
          </reporter-output>
        </test-method> <!-- canvaTest -->
        <test-method status="PASS" signature="tearDown()[pri:0, instance:com.expleo.heroku.testCases.TC_006_CanvasTest@1cab0bfb]" name="tearDown" is-config="true" duration-ms="688" started-at="2021-08-18T18:51:48 IST" finished-at="2021-08-18T18:51:49 IST">
          <reporter-output>
          </reporter-output>
        </test-method> <!-- tearDown -->
      </class> <!-- com.expleo.heroku.testCases.TC_006_CanvasTest -->
      <class name="com.expleo.heroku.testCases.TC_005_ParaTest">
        <test-method status="PASS" signature="init(java.lang.String)[pri:0, instance:com.expleo.heroku.testCases.TC_005_ParaTest@7f416310]" name="init" is-config="true" duration-ms="4798" started-at="2021-08-18T18:51:34 IST" finished-at="2021-08-18T18:51:39 IST">
          <params>
            <param index="0">
              <value>
                <![CDATA[edge]]>
              </value>
            </param>
          </params>
          <reporter-output>
          </reporter-output>
        </test-method> <!-- init -->
        <test-method status="PASS" signature="paraCheck()[pri:0, instance:com.expleo.heroku.testCases.TC_005_ParaTest@7f416310]" name="paraCheck" duration-ms="36" started-at="2021-08-18T18:51:39 IST" finished-at="2021-08-18T18:51:39 IST">
          <reporter-output>
          </reporter-output>
        </test-method> <!-- paraCheck -->
        <test-method status="PASS" signature="tearDown()[pri:0, instance:com.expleo.heroku.testCases.TC_005_ParaTest@7f416310]" name="tearDown" is-config="true" duration-ms="617" started-at="2021-08-18T18:51:39 IST" finished-at="2021-08-18T18:51:40 IST">
          <reporter-output>
          </reporter-output>
        </test-method> <!-- tearDown -->
      </class> <!-- com.expleo.heroku.testCases.TC_005_ParaTest -->
    </test> <!-- Edge Test -->
  </suite> <!-- AllBrowsers -->
</testng-results>
