<?xml version="1.0" encoding="UTF-8"?>
<testng-results skipped="0" failed="0" ignored="0" total="66" passed="66">
  <reporter-output>
  </reporter-output>
  <suite name="AllBrowsers" duration-ms="278871" started-at="2021-08-18T22:42:31 IST" finished-at="2021-08-18T22:47:10 IST">
    <groups>
    </groups>
    <test name="Chrome Test" duration-ms="78688" started-at="2021-08-18T22:42:31 IST" finished-at="2021-08-18T22:43:50 IST">
      <class name="com.expleo.heroku.testCases.TC_009_ElementalLinkTest">
        <test-method status="PASS" signature="init(java.lang.String)[pri:0, instance:com.expleo.heroku.testCases.TC_009_ElementalLinkTest@6fb0d3ed]" name="init" is-config="true" duration-ms="4706" started-at="2021-08-18T22:43:39 IST" finished-at="2021-08-18T22:43:44 IST">
          <params>
            <param index="0">
              <value>
                <![CDATA[chrome]]>
              </value>
            </param>
          </params>
          <reporter-output>
          </reporter-output>
        </test-method> <!-- init -->
        <test-method status="PASS" signature="elementLinkTest()[pri:0, instance:com.expleo.heroku.testCases.TC_009_ElementalLinkTest@6fb0d3ed]" name="elementLinkTest" duration-ms="5160" started-at="2021-08-18T22:43:44 IST" finished-at="2021-08-18T22:43:49 IST">
          <reporter-output>
          </reporter-output>
        </test-method> <!-- elementLinkTest -->
        <test-method status="PASS" signature="tearDown()[pri:0, instance:com.expleo.heroku.testCases.TC_009_ElementalLinkTest@6fb0d3ed]" name="tearDown" is-config="true" duration-ms="688" started-at="2021-08-18T22:43:49 IST" finished-at="2021-08-18T22:43:50 IST">
          <reporter-output>
          </reporter-output>
        </test-method> <!-- tearDown -->
      </class> <!-- com.expleo.heroku.testCases.TC_009_ElementalLinkTest -->
      <class name="com.expleo.heroku.testCases.TC_008_DeleteClickTest">
        <test-method status="PASS" signature="init(java.lang.String)[pri:0, instance:com.expleo.heroku.testCases.TC_008_DeleteClickTest@fe18270]" name="init" is-config="true" duration-ms="4915" started-at="2021-08-18T22:43:33 IST" finished-at="2021-08-18T22:43:38 IST">
          <params>
            <param index="0">
              <value>
                <![CDATA[chrome]]>
              </value>
            </param>
          </params>
          <reporter-output>
          </reporter-output>
        </test-method> <!-- init -->
        <test-method status="PASS" signature="deleteTest()[pri:0, instance:com.expleo.heroku.testCases.TC_008_DeleteClickTest@fe18270]" name="deleteTest" duration-ms="641" started-at="2021-08-18T22:43:38 IST" finished-at="2021-08-18T22:43:39 IST">
          <reporter-output>
          </reporter-output>
        </test-method> <!-- deleteTest -->
        <test-method status="PASS" signature="tearDown()[pri:0, instance:com.expleo.heroku.testCases.TC_008_DeleteClickTest@fe18270]" name="tearDown" is-config="true" duration-ms="682" started-at="2021-08-18T22:43:39 IST" finished-at="2021-08-18T22:43:39 IST">
          <reporter-output>
          </reporter-output>
        </test-method> <!-- tearDown -->
      </class> <!-- com.expleo.heroku.testCases.TC_008_DeleteClickTest -->
      <class name="com.expleo.heroku.testCases.TC_002_ButtonTestDDT">
        <test-method status="PASS" signature="init(java.lang.String)[pri:0, instance:com.expleo.heroku.testCases.TC_002_ButtonTestDDT@2fd66ad3]" name="init" is-config="true" duration-ms="4948" started-at="2021-08-18T22:42:39 IST" finished-at="2021-08-18T22:42:44 IST">
          <params>
            <param index="0">
              <value>
                <![CDATA[chrome]]>
              </value>
            </param>
          </params>
          <reporter-output>
          </reporter-output>
        </test-method> <!-- init -->
        <test-method status="PASS" signature="buttonDDT(java.lang.String)[pri:0, instance:com.expleo.heroku.testCases.TC_002_ButtonTestDDT@2fd66ad3]" name="buttonDDT" duration-ms="3592" started-at="2021-08-18T22:42:45 IST" data-provider="Buttondata" finished-at="2021-08-18T22:42:48 IST">
          <params>
            <param index="0">
              <value>
                <![CDATA[buttonblue]]>
              </value>
            </param>
          </params>
          <reporter-output>
          </reporter-output>
        </test-method> <!-- buttonDDT -->
        <test-method status="PASS" signature="buttonDDT(java.lang.String)[pri:0, instance:com.expleo.heroku.testCases.TC_002_ButtonTestDDT@2fd66ad3]" name="buttonDDT" duration-ms="3496" started-at="2021-08-18T22:42:48 IST" data-provider="Buttondata" finished-at="2021-08-18T22:42:52 IST">
          <params>
            <param index="0">
              <value>
                <![CDATA[buttonred]]>
              </value>
            </param>
          </params>
          <reporter-output>
          </reporter-output>
        </test-method> <!-- buttonDDT -->
        <test-method status="PASS" signature="buttonDDT(java.lang.String)[pri:0, instance:com.expleo.heroku.testCases.TC_002_ButtonTestDDT@2fd66ad3]" name="buttonDDT" duration-ms="3570" started-at="2021-08-18T22:42:52 IST" data-provider="Buttondata" finished-at="2021-08-18T22:42:55 IST">
          <params>
            <param index="0">
              <value>
                <![CDATA[buttongreen]]>
              </value>
            </param>
          </params>
          <reporter-output>
          </reporter-output>
        </test-method> <!-- buttonDDT -->
        <test-method status="PASS" signature="tearDown()[pri:0, instance:com.expleo.heroku.testCases.TC_002_ButtonTestDDT@2fd66ad3]" name="tearDown" is-config="true" duration-ms="748" started-at="2021-08-18T22:42:55 IST" finished-at="2021-08-18T22:42:56 IST">
          <reporter-output>
          </reporter-output>
        </test-method> <!-- tearDown -->
      </class> <!-- com.expleo.heroku.testCases.TC_002_ButtonTestDDT -->
      <class name="com.expleo.heroku.testCases.TC_006_CanvasTestDDT">
        <test-method status="PASS" signature="init(java.lang.String)[pri:0, instance:com.expleo.heroku.testCases.TC_006_CanvasTestDDT@b3d7190]" name="init" is-config="true" duration-ms="4845" started-at="2021-08-18T22:43:19 IST" finished-at="2021-08-18T22:43:24 IST">
          <params>
            <param index="0">
              <value>
                <![CDATA[chrome]]>
              </value>
            </param>
          </params>
          <reporter-output>
          </reporter-output>
        </test-method> <!-- init -->
        <test-method status="PASS" signature="canvaTest(java.lang.String)[pri:0, instance:com.expleo.heroku.testCases.TC_006_CanvasTestDDT@b3d7190]" name="canvaTest" duration-ms="823" started-at="2021-08-18T22:43:24 IST" data-provider="Buttondata" finished-at="2021-08-18T22:43:25 IST">
          <params>
            <param index="0">
              <value>
                <![CDATA[buttonblue]]>
              </value>
            </param>
          </params>
          <reporter-output>
          </reporter-output>
        </test-method> <!-- canvaTest -->
        <test-method status="PASS" signature="canvaTest(java.lang.String)[pri:0, instance:com.expleo.heroku.testCases.TC_006_CanvasTestDDT@b3d7190]" name="canvaTest" duration-ms="807" started-at="2021-08-18T22:43:25 IST" data-provider="Buttondata" finished-at="2021-08-18T22:43:25 IST">
          <params>
            <param index="0">
              <value>
                <![CDATA[buttonred]]>
              </value>
            </param>
          </params>
          <reporter-output>
          </reporter-output>
        </test-method> <!-- canvaTest -->
        <test-method status="PASS" signature="canvaTest(java.lang.String)[pri:0, instance:com.expleo.heroku.testCases.TC_006_CanvasTestDDT@b3d7190]" name="canvaTest" duration-ms="793" started-at="2021-08-18T22:43:25 IST" data-provider="Buttondata" finished-at="2021-08-18T22:43:26 IST">
          <params>
            <param index="0">
              <value>
                <![CDATA[buttongreen]]>
              </value>
            </param>
          </params>
          <reporter-output>
          </reporter-output>
        </test-method> <!-- canvaTest -->
        <test-method status="PASS" signature="tearDown()[pri:0, instance:com.expleo.heroku.testCases.TC_006_CanvasTestDDT@b3d7190]" name="tearDown" is-config="true" duration-ms="681" started-at="2021-08-18T22:43:26 IST" finished-at="2021-08-18T22:43:27 IST">
          <reporter-output>
          </reporter-output>
        </test-method> <!-- tearDown -->
      </class> <!-- com.expleo.heroku.testCases.TC_006_CanvasTestDDT -->
      <class name="com.expleo.heroku.testCases.TC_001_TitleTest">
        <test-method status="PASS" signature="init(java.lang.String)[pri:0, instance:com.expleo.heroku.testCases.TC_001_TitleTest@27d415d9]" name="init" is-config="true" duration-ms="6872" started-at="2021-08-18T22:42:31 IST" finished-at="2021-08-18T22:42:38 IST">
          <params>
            <param index="0">
              <value>
                <![CDATA[chrome]]>
              </value>
            </param>
          </params>
          <reporter-output>
          </reporter-output>
        </test-method> <!-- init -->
        <test-method status="PASS" signature="titleTest()[pri:0, instance:com.expleo.heroku.testCases.TC_001_TitleTest@27d415d9]" name="titleTest" duration-ms="15" started-at="2021-08-18T22:42:38 IST" finished-at="2021-08-18T22:42:38 IST">
          <reporter-output>
          </reporter-output>
        </test-method> <!-- titleTest -->
        <test-method status="PASS" signature="tearDown()[pri:0, instance:com.expleo.heroku.testCases.TC_001_TitleTest@27d415d9]" name="tearDown" is-config="true" duration-ms="657" started-at="2021-08-18T22:42:38 IST" finished-at="2021-08-18T22:42:39 IST">
          <reporter-output>
          </reporter-output>
        </test-method> <!-- tearDown -->
      </class> <!-- com.expleo.heroku.testCases.TC_001_TitleTest -->
      <class name="com.expleo.heroku.testCases.TC_003_TableTestDDT">
        <test-method status="PASS" signature="init(java.lang.String)[pri:0, instance:com.expleo.heroku.testCases.TC_003_TableTestDDT@5d11346a]" name="init" is-config="true" duration-ms="5901" started-at="2021-08-18T22:42:56 IST" finished-at="2021-08-18T22:43:02 IST">
          <params>
            <param index="0">
              <value>
                <![CDATA[chrome]]>
              </value>
            </param>
          </params>
          <reporter-output>
          </reporter-output>
        </test-method> <!-- init -->
        <test-method status="PASS" signature="TableDDT(java.lang.String,java.lang.String,java.lang.String,java.lang.String,java.lang.String,java.lang.String,java.lang.String,java.lang.String)[pri:0, instance:com.expleo.heroku.testCases.TC_003_TableTestDDT@5d11346a]" name="TableDDT" duration-ms="368" started-at="2021-08-18T22:43:03 IST" data-provider="TableData" finished-at="2021-08-18T22:43:04 IST">
          <params>
            <param index="0">
              <value>
                <![CDATA[Iuvaret0]]>
              </value>
            </param>
            <param index="1">
              <value>
                <![CDATA[Apeirian0]]>
              </value>
            </param>
            <param index="2">
              <value>
                <![CDATA[Adipisci0]]>
              </value>
            </param>
            <param index="3">
              <value>
                <![CDATA[Definiebas0]]>
              </value>
            </param>
            <param index="4">
              <value>
                <![CDATA[Consequuntur0]]>
              </value>
            </param>
            <param index="5">
              <value>
                <![CDATA[Phaedrum0]]>
              </value>
            </param>
            <param index="6">
              <value>
                <![CDATA[1]]>
              </value>
            </param>
            <param index="7">
              <value>
                <![CDATA[1]]>
              </value>
            </param>
          </params>
          <reporter-output>
          </reporter-output>
        </test-method> <!-- TableDDT -->
        <test-method status="PASS" signature="TableDDT(java.lang.String,java.lang.String,java.lang.String,java.lang.String,java.lang.String,java.lang.String,java.lang.String,java.lang.String)[pri:0, instance:com.expleo.heroku.testCases.TC_003_TableTestDDT@5d11346a]" name="TableDDT" duration-ms="357" started-at="2021-08-18T22:43:04 IST" data-provider="TableData" finished-at="2021-08-18T22:43:04 IST">
          <params>
            <param index="0">
              <value>
                <![CDATA[Iuvaret1]]>
              </value>
            </param>
            <param index="1">
              <value>
                <![CDATA[Apeirian1]]>
              </value>
            </param>
            <param index="2">
              <value>
                <![CDATA[Adipisci1]]>
              </value>
            </param>
            <param index="3">
              <value>
                <![CDATA[Definiebas1]]>
              </value>
            </param>
            <param index="4">
              <value>
                <![CDATA[Consequuntur1]]>
              </value>
            </param>
            <param index="5">
              <value>
                <![CDATA[Phaedrum1]]>
              </value>
            </param>
            <param index="6">
              <value>
                <![CDATA[2]]>
              </value>
            </param>
            <param index="7">
              <value>
                <![CDATA[1]]>
              </value>
            </param>
          </params>
          <reporter-output>
          </reporter-output>
        </test-method> <!-- TableDDT -->
        <test-method status="PASS" signature="TableDDT(java.lang.String,java.lang.String,java.lang.String,java.lang.String,java.lang.String,java.lang.String,java.lang.String,java.lang.String)[pri:0, instance:com.expleo.heroku.testCases.TC_003_TableTestDDT@5d11346a]" name="TableDDT" duration-ms="359" started-at="2021-08-18T22:43:04 IST" data-provider="TableData" finished-at="2021-08-18T22:43:04 IST">
          <params>
            <param index="0">
              <value>
                <![CDATA[Iuvaret2]]>
              </value>
            </param>
            <param index="1">
              <value>
                <![CDATA[Apeirian2]]>
              </value>
            </param>
            <param index="2">
              <value>
                <![CDATA[Adipisci2]]>
              </value>
            </param>
            <param index="3">
              <value>
                <![CDATA[Definiebas2]]>
              </value>
            </param>
            <param index="4">
              <value>
                <![CDATA[Consequuntur2]]>
              </value>
            </param>
            <param index="5">
              <value>
                <![CDATA[Phaedrum2]]>
              </value>
            </param>
            <param index="6">
              <value>
                <![CDATA[3]]>
              </value>
            </param>
            <param index="7">
              <value>
                <![CDATA[1]]>
              </value>
            </param>
          </params>
          <reporter-output>
          </reporter-output>
        </test-method> <!-- TableDDT -->
        <test-method status="PASS" signature="TableDDT(java.lang.String,java.lang.String,java.lang.String,java.lang.String,java.lang.String,java.lang.String,java.lang.String,java.lang.String)[pri:0, instance:com.expleo.heroku.testCases.TC_003_TableTestDDT@5d11346a]" name="TableDDT" duration-ms="376" started-at="2021-08-18T22:43:04 IST" data-provider="TableData" finished-at="2021-08-18T22:43:05 IST">
          <params>
            <param index="0">
              <value>
                <![CDATA[Iuvaret3]]>
              </value>
            </param>
            <param index="1">
              <value>
                <![CDATA[Apeirian3]]>
              </value>
            </param>
            <param index="2">
              <value>
                <![CDATA[Adipisci3]]>
              </value>
            </param>
            <param index="3">
              <value>
                <![CDATA[Definiebas3]]>
              </value>
            </param>
            <param index="4">
              <value>
                <![CDATA[Consequuntur3]]>
              </value>
            </param>
            <param index="5">
              <value>
                <![CDATA[Phaedrum3]]>
              </value>
            </param>
            <param index="6">
              <value>
                <![CDATA[4]]>
              </value>
            </param>
            <param index="7">
              <value>
                <![CDATA[1]]>
              </value>
            </param>
          </params>
          <reporter-output>
          </reporter-output>
        </test-method> <!-- TableDDT -->
        <test-method status="PASS" signature="TableDDT(java.lang.String,java.lang.String,java.lang.String,java.lang.String,java.lang.String,java.lang.String,java.lang.String,java.lang.String)[pri:0, instance:com.expleo.heroku.testCases.TC_003_TableTestDDT@5d11346a]" name="TableDDT" duration-ms="361" started-at="2021-08-18T22:43:05 IST" data-provider="TableData" finished-at="2021-08-18T22:43:05 IST">
          <params>
            <param index="0">
              <value>
                <![CDATA[Iuvaret4]]>
              </value>
            </param>
            <param index="1">
              <value>
                <![CDATA[Apeirian4]]>
              </value>
            </param>
            <param index="2">
              <value>
                <![CDATA[Adipisci4]]>
              </value>
            </param>
            <param index="3">
              <value>
                <![CDATA[Definiebas4]]>
              </value>
            </param>
            <param index="4">
              <value>
                <![CDATA[Consequuntur4]]>
              </value>
            </param>
            <param index="5">
              <value>
                <![CDATA[Phaedrum4]]>
              </value>
            </param>
            <param index="6">
              <value>
                <![CDATA[5]]>
              </value>
            </param>
            <param index="7">
              <value>
                <![CDATA[1]]>
              </value>
            </param>
          </params>
          <reporter-output>
          </reporter-output>
        </test-method> <!-- TableDDT -->
        <test-method status="PASS" signature="TableDDT(java.lang.String,java.lang.String,java.lang.String,java.lang.String,java.lang.String,java.lang.String,java.lang.String,java.lang.String)[pri:0, instance:com.expleo.heroku.testCases.TC_003_TableTestDDT@5d11346a]" name="TableDDT" duration-ms="347" started-at="2021-08-18T22:43:05 IST" data-provider="TableData" finished-at="2021-08-18T22:43:05 IST">
          <params>
            <param index="0">
              <value>
                <![CDATA[Iuvaret5]]>
              </value>
            </param>
            <param index="1">
              <value>
                <![CDATA[Apeirian5]]>
              </value>
            </param>
            <param index="2">
              <value>
                <![CDATA[Adipisci5]]>
              </value>
            </param>
            <param index="3">
              <value>
                <![CDATA[Definiebas5]]>
              </value>
            </param>
            <param index="4">
              <value>
                <![CDATA[Consequuntur5]]>
              </value>
            </param>
            <param index="5">
              <value>
                <![CDATA[Phaedrum5]]>
              </value>
            </param>
            <param index="6">
              <value>
                <![CDATA[6]]>
              </value>
            </param>
            <param index="7">
              <value>
                <![CDATA[1]]>
              </value>
            </param>
          </params>
          <reporter-output>
          </reporter-output>
        </test-method> <!-- TableDDT -->
        <test-method status="PASS" signature="TableDDT(java.lang.String,java.lang.String,java.lang.String,java.lang.String,java.lang.String,java.lang.String,java.lang.String,java.lang.String)[pri:0, instance:com.expleo.heroku.testCases.TC_003_TableTestDDT@5d11346a]" name="TableDDT" duration-ms="349" started-at="2021-08-18T22:43:05 IST" data-provider="TableData" finished-at="2021-08-18T22:43:06 IST">
          <params>
            <param index="0">
              <value>
                <![CDATA[Iuvaret6]]>
              </value>
            </param>
            <param index="1">
              <value>
                <![CDATA[Apeirian6]]>
              </value>
            </param>
            <param index="2">
              <value>
                <![CDATA[Adipisci6]]>
              </value>
            </param>
            <param index="3">
              <value>
                <![CDATA[Definiebas6]]>
              </value>
            </param>
            <param index="4">
              <value>
                <![CDATA[Consequuntur6]]>
              </value>
            </param>
            <param index="5">
              <value>
                <![CDATA[Phaedrum6]]>
              </value>
            </param>
            <param index="6">
              <value>
                <![CDATA[7]]>
              </value>
            </param>
            <param index="7">
              <value>
                <![CDATA[1]]>
              </value>
            </param>
          </params>
          <reporter-output>
          </reporter-output>
        </test-method> <!-- TableDDT -->
        <test-method status="PASS" signature="TableDDT(java.lang.String,java.lang.String,java.lang.String,java.lang.String,java.lang.String,java.lang.String,java.lang.String,java.lang.String)[pri:0, instance:com.expleo.heroku.testCases.TC_003_TableTestDDT@5d11346a]" name="TableDDT" duration-ms="380" started-at="2021-08-18T22:43:06 IST" data-provider="TableData" finished-at="2021-08-18T22:43:06 IST">
          <params>
            <param index="0">
              <value>
                <![CDATA[Iuvaret7]]>
              </value>
            </param>
            <param index="1">
              <value>
                <![CDATA[Apeirian7]]>
              </value>
            </param>
            <param index="2">
              <value>
                <![CDATA[Adipisci7]]>
              </value>
            </param>
            <param index="3">
              <value>
                <![CDATA[Definiebas7]]>
              </value>
            </param>
            <param index="4">
              <value>
                <![CDATA[Consequuntur7]]>
              </value>
            </param>
            <param index="5">
              <value>
                <![CDATA[Phaedrum7]]>
              </value>
            </param>
            <param index="6">
              <value>
                <![CDATA[8]]>
              </value>
            </param>
            <param index="7">
              <value>
                <![CDATA[1]]>
              </value>
            </param>
          </params>
          <reporter-output>
          </reporter-output>
        </test-method> <!-- TableDDT -->
        <test-method status="PASS" signature="TableDDT(java.lang.String,java.lang.String,java.lang.String,java.lang.String,java.lang.String,java.lang.String,java.lang.String,java.lang.String)[pri:0, instance:com.expleo.heroku.testCases.TC_003_TableTestDDT@5d11346a]" name="TableDDT" duration-ms="343" started-at="2021-08-18T22:43:06 IST" data-provider="TableData" finished-at="2021-08-18T22:43:06 IST">
          <params>
            <param index="0">
              <value>
                <![CDATA[Iuvaret8]]>
              </value>
            </param>
            <param index="1">
              <value>
                <![CDATA[Apeirian8]]>
              </value>
            </param>
            <param index="2">
              <value>
                <![CDATA[Adipisci8]]>
              </value>
            </param>
            <param index="3">
              <value>
                <![CDATA[Definiebas8]]>
              </value>
            </param>
            <param index="4">
              <value>
                <![CDATA[Consequuntur8]]>
              </value>
            </param>
            <param index="5">
              <value>
                <![CDATA[Phaedrum8]]>
              </value>
            </param>
            <param index="6">
              <value>
                <![CDATA[9]]>
              </value>
            </param>
            <param index="7">
              <value>
                <![CDATA[1]]>
              </value>
            </param>
          </params>
          <reporter-output>
          </reporter-output>
        </test-method> <!-- TableDDT -->
        <test-method status="PASS" signature="TableDDT(java.lang.String,java.lang.String,java.lang.String,java.lang.String,java.lang.String,java.lang.String,java.lang.String,java.lang.String)[pri:0, instance:com.expleo.heroku.testCases.TC_003_TableTestDDT@5d11346a]" name="TableDDT" duration-ms="308" started-at="2021-08-18T22:43:06 IST" data-provider="TableData" finished-at="2021-08-18T22:43:07 IST">
          <params>
            <param index="0">
              <value>
                <![CDATA[Iuvaret9]]>
              </value>
            </param>
            <param index="1">
              <value>
                <![CDATA[Apeirian9]]>
              </value>
            </param>
            <param index="2">
              <value>
                <![CDATA[Adipisci9]]>
              </value>
            </param>
            <param index="3">
              <value>
                <![CDATA[Definiebas9]]>
              </value>
            </param>
            <param index="4">
              <value>
                <![CDATA[Consequuntur9]]>
              </value>
            </param>
            <param index="5">
              <value>
                <![CDATA[Phaedrum9]]>
              </value>
            </param>
            <param index="6">
              <value>
                <![CDATA[10]]>
              </value>
            </param>
            <param index="7">
              <value>
                <![CDATA[1]]>
              </value>
            </param>
          </params>
          <reporter-output>
          </reporter-output>
        </test-method> <!-- TableDDT -->
        <test-method status="PASS" signature="tearDown()[pri:0, instance:com.expleo.heroku.testCases.TC_003_TableTestDDT@5d11346a]" name="tearDown" is-config="true" duration-ms="687" started-at="2021-08-18T22:43:07 IST" finished-at="2021-08-18T22:43:07 IST">
          <reporter-output>
          </reporter-output>
        </test-method> <!-- tearDown -->
      </class> <!-- com.expleo.heroku.testCases.TC_003_TableTestDDT -->
      <class name="com.expleo.heroku.testCases.TC_004_HeaderTest">
        <test-method status="PASS" signature="init(java.lang.String)[pri:0, instance:com.expleo.heroku.testCases.TC_004_HeaderTest@7a36aefa]" name="init" is-config="true" duration-ms="5101" started-at="2021-08-18T22:43:07 IST" finished-at="2021-08-18T22:43:13 IST">
          <params>
            <param index="0">
              <value>
                <![CDATA[chrome]]>
              </value>
            </param>
          </params>
          <reporter-output>
          </reporter-output>
        </test-method> <!-- init -->
        <test-method status="PASS" signature="headTest()[pri:0, instance:com.expleo.heroku.testCases.TC_004_HeaderTest@7a36aefa]" name="headTest" duration-ms="40" started-at="2021-08-18T22:43:13 IST" finished-at="2021-08-18T22:43:13 IST">
          <reporter-output>
          </reporter-output>
        </test-method> <!-- headTest -->
        <test-method status="PASS" signature="tearDown()[pri:0, instance:com.expleo.heroku.testCases.TC_004_HeaderTest@7a36aefa]" name="tearDown" is-config="true" duration-ms="685" started-at="2021-08-18T22:43:13 IST" finished-at="2021-08-18T22:43:13 IST">
          <reporter-output>
          </reporter-output>
        </test-method> <!-- tearDown -->
      </class> <!-- com.expleo.heroku.testCases.TC_004_HeaderTest -->
      <class name="com.expleo.heroku.testCases.TC_007_EditClickTest">
        <test-method status="PASS" signature="init(java.lang.String)[pri:0, instance:com.expleo.heroku.testCases.TC_007_EditClickTest@5fdba6f9]" name="init" is-config="true" duration-ms="4942" started-at="2021-08-18T22:43:27 IST" finished-at="2021-08-18T22:43:32 IST">
          <params>
            <param index="0">
              <value>
                <![CDATA[chrome]]>
              </value>
            </param>
          </params>
          <reporter-output>
          </reporter-output>
        </test-method> <!-- init -->
        <test-method status="PASS" signature="editTest()[pri:0, instance:com.expleo.heroku.testCases.TC_007_EditClickTest@5fdba6f9]" name="editTest" duration-ms="641" started-at="2021-08-18T22:43:32 IST" finished-at="2021-08-18T22:43:32 IST">
          <reporter-output>
          </reporter-output>
        </test-method> <!-- editTest -->
        <test-method status="PASS" signature="tearDown()[pri:0, instance:com.expleo.heroku.testCases.TC_007_EditClickTest@5fdba6f9]" name="tearDown" is-config="true" duration-ms="709" started-at="2021-08-18T22:43:32 IST" finished-at="2021-08-18T22:43:33 IST">
          <reporter-output>
          </reporter-output>
        </test-method> <!-- tearDown -->
      </class> <!-- com.expleo.heroku.testCases.TC_007_EditClickTest -->
      <class name="com.expleo.heroku.testCases.TC_005_ParaTest">
        <test-method status="PASS" signature="init(java.lang.String)[pri:0, instance:com.expleo.heroku.testCases.TC_005_ParaTest@17211155]" name="init" is-config="true" duration-ms="4823" started-at="2021-08-18T22:43:13 IST" finished-at="2021-08-18T22:43:18 IST">
          <params>
            <param index="0">
              <value>
                <![CDATA[chrome]]>
              </value>
            </param>
          </params>
          <reporter-output>
          </reporter-output>
        </test-method> <!-- init -->
        <test-method status="PASS" signature="paraCheck()[pri:0, instance:com.expleo.heroku.testCases.TC_005_ParaTest@17211155]" name="paraCheck" duration-ms="34" started-at="2021-08-18T22:43:18 IST" finished-at="2021-08-18T22:43:18 IST">
          <reporter-output>
          </reporter-output>
        </test-method> <!-- paraCheck -->
        <test-method status="PASS" signature="tearDown()[pri:0, instance:com.expleo.heroku.testCases.TC_005_ParaTest@17211155]" name="tearDown" is-config="true" duration-ms="664" started-at="2021-08-18T22:43:18 IST" finished-at="2021-08-18T22:43:19 IST">
          <reporter-output>
          </reporter-output>
        </test-method> <!-- tearDown -->
      </class> <!-- com.expleo.heroku.testCases.TC_005_ParaTest -->
    </test> <!-- Chrome Test -->
    <test name="Firefox Test" duration-ms="116730" started-at="2021-08-18T22:43:50 IST" finished-at="2021-08-18T22:45:47 IST">
      <class name="com.expleo.heroku.testCases.TC_009_ElementalLinkTest">
        <test-method status="PASS" signature="init(java.lang.String)[pri:0, instance:com.expleo.heroku.testCases.TC_009_ElementalLinkTest@1d7acb34]" name="init" is-config="true" duration-ms="8122" started-at="2021-08-18T22:45:33 IST" finished-at="2021-08-18T22:45:41 IST">
          <params>
            <param index="0">
              <value>
                <![CDATA[firefox]]>
              </value>
            </param>
          </params>
          <reporter-output>
          </reporter-output>
        </test-method> <!-- init -->
        <test-method status="PASS" signature="elementLinkTest()[pri:0, instance:com.expleo.heroku.testCases.TC_009_ElementalLinkTest@1d7acb34]" name="elementLinkTest" duration-ms="5158" started-at="2021-08-18T22:45:41 IST" finished-at="2021-08-18T22:45:46 IST">
          <reporter-output>
          </reporter-output>
        </test-method> <!-- elementLinkTest -->
        <test-method status="PASS" signature="tearDown()[pri:0, instance:com.expleo.heroku.testCases.TC_009_ElementalLinkTest@1d7acb34]" name="tearDown" is-config="true" duration-ms="1132" started-at="2021-08-18T22:45:46 IST" finished-at="2021-08-18T22:45:47 IST">
          <reporter-output>
          </reporter-output>
        </test-method> <!-- tearDown -->
      </class> <!-- com.expleo.heroku.testCases.TC_009_ElementalLinkTest -->
      <class name="com.expleo.heroku.testCases.TC_008_DeleteClickTest">
        <test-method status="PASS" signature="init(java.lang.String)[pri:0, instance:com.expleo.heroku.testCases.TC_008_DeleteClickTest@5f71c76a]" name="init" is-config="true" duration-ms="8658" started-at="2021-08-18T22:45:21 IST" finished-at="2021-08-18T22:45:29 IST">
          <params>
            <param index="0">
              <value>
                <![CDATA[firefox]]>
              </value>
            </param>
          </params>
          <reporter-output>
          </reporter-output>
        </test-method> <!-- init -->
        <test-method status="PASS" signature="deleteTest()[pri:0, instance:com.expleo.heroku.testCases.TC_008_DeleteClickTest@5f71c76a]" name="deleteTest" duration-ms="2558" started-at="2021-08-18T22:45:29 IST" finished-at="2021-08-18T22:45:32 IST">
          <reporter-output>
          </reporter-output>
        </test-method> <!-- deleteTest -->
        <test-method status="PASS" signature="tearDown()[pri:0, instance:com.expleo.heroku.testCases.TC_008_DeleteClickTest@5f71c76a]" name="tearDown" is-config="true" duration-ms="865" started-at="2021-08-18T22:45:32 IST" finished-at="2021-08-18T22:45:33 IST">
          <reporter-output>
          </reporter-output>
        </test-method> <!-- tearDown -->
      </class> <!-- com.expleo.heroku.testCases.TC_008_DeleteClickTest -->
      <class name="com.expleo.heroku.testCases.TC_006_CanvasTestDDT">
        <test-method status="PASS" signature="init(java.lang.String)[pri:0, instance:com.expleo.heroku.testCases.TC_006_CanvasTestDDT@69379752]" name="init" is-config="true" duration-ms="8683" started-at="2021-08-18T22:44:56 IST" finished-at="2021-08-18T22:45:05 IST">
          <params>
            <param index="0">
              <value>
                <![CDATA[firefox]]>
              </value>
            </param>
          </params>
          <reporter-output>
          </reporter-output>
        </test-method> <!-- init -->
        <test-method status="PASS" signature="canvaTest(java.lang.String)[pri:0, instance:com.expleo.heroku.testCases.TC_006_CanvasTestDDT@69379752]" name="canvaTest" duration-ms="973" started-at="2021-08-18T22:45:05 IST" data-provider="Buttondata" finished-at="2021-08-18T22:45:06 IST">
          <params>
            <param index="0">
              <value>
                <![CDATA[buttonblue]]>
              </value>
            </param>
          </params>
          <reporter-output>
          </reporter-output>
        </test-method> <!-- canvaTest -->
        <test-method status="PASS" signature="canvaTest(java.lang.String)[pri:0, instance:com.expleo.heroku.testCases.TC_006_CanvasTestDDT@69379752]" name="canvaTest" duration-ms="894" started-at="2021-08-18T22:45:06 IST" data-provider="Buttondata" finished-at="2021-08-18T22:45:07 IST">
          <params>
            <param index="0">
              <value>
                <![CDATA[buttonred]]>
              </value>
            </param>
          </params>
          <reporter-output>
          </reporter-output>
        </test-method> <!-- canvaTest -->
        <test-method status="PASS" signature="canvaTest(java.lang.String)[pri:0, instance:com.expleo.heroku.testCases.TC_006_CanvasTestDDT@69379752]" name="canvaTest" duration-ms="922" started-at="2021-08-18T22:45:07 IST" data-provider="Buttondata" finished-at="2021-08-18T22:45:08 IST">
          <params>
            <param index="0">
              <value>
                <![CDATA[buttongreen]]>
              </value>
            </param>
          </params>
          <reporter-output>
          </reporter-output>
        </test-method> <!-- canvaTest -->
        <test-method status="PASS" signature="tearDown()[pri:0, instance:com.expleo.heroku.testCases.TC_006_CanvasTestDDT@69379752]" name="tearDown" is-config="true" duration-ms="893" started-at="2021-08-18T22:45:08 IST" finished-at="2021-08-18T22:45:09 IST">
          <reporter-output>
          </reporter-output>
        </test-method> <!-- tearDown -->
      </class> <!-- com.expleo.heroku.testCases.TC_006_CanvasTestDDT -->
      <class name="com.expleo.heroku.testCases.TC_002_ButtonTestDDT">
        <test-method status="PASS" signature="init(java.lang.String)[pri:0, instance:com.expleo.heroku.testCases.TC_002_ButtonTestDDT@44f75083]" name="init" is-config="true" duration-ms="9433" started-at="2021-08-18T22:44:01 IST" finished-at="2021-08-18T22:44:11 IST">
          <params>
            <param index="0">
              <value>
                <![CDATA[firefox]]>
              </value>
            </param>
          </params>
          <reporter-output>
          </reporter-output>
        </test-method> <!-- init -->
        <test-method status="PASS" signature="buttonDDT(java.lang.String)[pri:0, instance:com.expleo.heroku.testCases.TC_002_ButtonTestDDT@44f75083]" name="buttonDDT" duration-ms="3567" started-at="2021-08-18T22:44:11 IST" data-provider="Buttondata" finished-at="2021-08-18T22:44:14 IST">
          <params>
            <param index="0">
              <value>
                <![CDATA[buttonblue]]>
              </value>
            </param>
          </params>
          <reporter-output>
          </reporter-output>
        </test-method> <!-- buttonDDT -->
        <test-method status="PASS" signature="buttonDDT(java.lang.String)[pri:0, instance:com.expleo.heroku.testCases.TC_002_ButtonTestDDT@44f75083]" name="buttonDDT" duration-ms="3614" started-at="2021-08-18T22:44:14 IST" data-provider="Buttondata" finished-at="2021-08-18T22:44:18 IST">
          <params>
            <param index="0">
              <value>
                <![CDATA[buttonred]]>
              </value>
            </param>
          </params>
          <reporter-output>
          </reporter-output>
        </test-method> <!-- buttonDDT -->
        <test-method status="PASS" signature="buttonDDT(java.lang.String)[pri:0, instance:com.expleo.heroku.testCases.TC_002_ButtonTestDDT@44f75083]" name="buttonDDT" duration-ms="3626" started-at="2021-08-18T22:44:18 IST" data-provider="Buttondata" finished-at="2021-08-18T22:44:21 IST">
          <params>
            <param index="0">
              <value>
                <![CDATA[buttongreen]]>
              </value>
            </param>
          </params>
          <reporter-output>
          </reporter-output>
        </test-method> <!-- buttonDDT -->
        <test-method status="PASS" signature="tearDown()[pri:0, instance:com.expleo.heroku.testCases.TC_002_ButtonTestDDT@44f75083]" name="tearDown" is-config="true" duration-ms="914" started-at="2021-08-18T22:44:21 IST" finished-at="2021-08-18T22:44:22 IST">
          <reporter-output>
          </reporter-output>
        </test-method> <!-- tearDown -->
      </class> <!-- com.expleo.heroku.testCases.TC_002_ButtonTestDDT -->
      <class name="com.expleo.heroku.testCases.TC_001_TitleTest">
        <test-method status="PASS" signature="init(java.lang.String)[pri:0, instance:com.expleo.heroku.testCases.TC_001_TitleTest@6366ebe0]" name="init" is-config="true" duration-ms="9389" started-at="2021-08-18T22:43:50 IST" finished-at="2021-08-18T22:44:00 IST">
          <params>
            <param index="0">
              <value>
                <![CDATA[firefox]]>
              </value>
            </param>
          </params>
          <reporter-output>
          </reporter-output>
        </test-method> <!-- init -->
        <test-method status="PASS" signature="titleTest()[pri:0, instance:com.expleo.heroku.testCases.TC_001_TitleTest@6366ebe0]" name="titleTest" duration-ms="6" started-at="2021-08-18T22:44:00 IST" finished-at="2021-08-18T22:44:00 IST">
          <reporter-output>
          </reporter-output>
        </test-method> <!-- titleTest -->
        <test-method status="PASS" signature="tearDown()[pri:0, instance:com.expleo.heroku.testCases.TC_001_TitleTest@6366ebe0]" name="tearDown" is-config="true" duration-ms="1448" started-at="2021-08-18T22:44:00 IST" finished-at="2021-08-18T22:44:01 IST">
          <reporter-output>
          </reporter-output>
        </test-method> <!-- tearDown -->
      </class> <!-- com.expleo.heroku.testCases.TC_001_TitleTest -->
      <class name="com.expleo.heroku.testCases.TC_004_HeaderTest">
        <test-method status="PASS" signature="init(java.lang.String)[pri:0, instance:com.expleo.heroku.testCases.TC_004_HeaderTest@43d7741f]" name="init" is-config="true" duration-ms="8697" started-at="2021-08-18T22:44:37 IST" finished-at="2021-08-18T22:44:45 IST">
          <params>
            <param index="0">
              <value>
                <![CDATA[firefox]]>
              </value>
            </param>
          </params>
          <reporter-output>
          </reporter-output>
        </test-method> <!-- init -->
        <test-method status="PASS" signature="headTest()[pri:0, instance:com.expleo.heroku.testCases.TC_004_HeaderTest@43d7741f]" name="headTest" duration-ms="53" started-at="2021-08-18T22:44:45 IST" finished-at="2021-08-18T22:44:45 IST">
          <reporter-output>
          </reporter-output>
        </test-method> <!-- headTest -->
        <test-method status="PASS" signature="tearDown()[pri:0, instance:com.expleo.heroku.testCases.TC_004_HeaderTest@43d7741f]" name="tearDown" is-config="true" duration-ms="1120" started-at="2021-08-18T22:44:45 IST" finished-at="2021-08-18T22:44:46 IST">
          <reporter-output>
          </reporter-output>
        </test-method> <!-- tearDown -->
      </class> <!-- com.expleo.heroku.testCases.TC_004_HeaderTest -->
      <class name="com.expleo.heroku.testCases.TC_003_TableTestDDT">
        <test-method status="PASS" signature="init(java.lang.String)[pri:0, instance:com.expleo.heroku.testCases.TC_003_TableTestDDT@2698dc7]" name="init" is-config="true" duration-ms="9449" started-at="2021-08-18T22:44:22 IST" finished-at="2021-08-18T22:44:32 IST">
          <params>
            <param index="0">
              <value>
                <![CDATA[firefox]]>
              </value>
            </param>
          </params>
          <reporter-output>
          </reporter-output>
        </test-method> <!-- init -->
        <test-method status="PASS" signature="TableDDT(java.lang.String,java.lang.String,java.lang.String,java.lang.String,java.lang.String,java.lang.String,java.lang.String,java.lang.String)[pri:0, instance:com.expleo.heroku.testCases.TC_003_TableTestDDT@2698dc7]" name="TableDDT" duration-ms="318" started-at="2021-08-18T22:44:33 IST" data-provider="TableData" finished-at="2021-08-18T22:44:33 IST">
          <params>
            <param index="0">
              <value>
                <![CDATA[Iuvaret0]]>
              </value>
            </param>
            <param index="1">
              <value>
                <![CDATA[Apeirian0]]>
              </value>
            </param>
            <param index="2">
              <value>
                <![CDATA[Adipisci0]]>
              </value>
            </param>
            <param index="3">
              <value>
                <![CDATA[Definiebas0]]>
              </value>
            </param>
            <param index="4">
              <value>
                <![CDATA[Consequuntur0]]>
              </value>
            </param>
            <param index="5">
              <value>
                <![CDATA[Phaedrum0]]>
              </value>
            </param>
            <param index="6">
              <value>
                <![CDATA[1]]>
              </value>
            </param>
            <param index="7">
              <value>
                <![CDATA[1]]>
              </value>
            </param>
          </params>
          <reporter-output>
          </reporter-output>
        </test-method> <!-- TableDDT -->
        <test-method status="PASS" signature="TableDDT(java.lang.String,java.lang.String,java.lang.String,java.lang.String,java.lang.String,java.lang.String,java.lang.String,java.lang.String)[pri:0, instance:com.expleo.heroku.testCases.TC_003_TableTestDDT@2698dc7]" name="TableDDT" duration-ms="297" started-at="2021-08-18T22:44:33 IST" data-provider="TableData" finished-at="2021-08-18T22:44:34 IST">
          <params>
            <param index="0">
              <value>
                <![CDATA[Iuvaret1]]>
              </value>
            </param>
            <param index="1">
              <value>
                <![CDATA[Apeirian1]]>
              </value>
            </param>
            <param index="2">
              <value>
                <![CDATA[Adipisci1]]>
              </value>
            </param>
            <param index="3">
              <value>
                <![CDATA[Definiebas1]]>
              </value>
            </param>
            <param index="4">
              <value>
                <![CDATA[Consequuntur1]]>
              </value>
            </param>
            <param index="5">
              <value>
                <![CDATA[Phaedrum1]]>
              </value>
            </param>
            <param index="6">
              <value>
                <![CDATA[2]]>
              </value>
            </param>
            <param index="7">
              <value>
                <![CDATA[1]]>
              </value>
            </param>
          </params>
          <reporter-output>
          </reporter-output>
        </test-method> <!-- TableDDT -->
        <test-method status="PASS" signature="TableDDT(java.lang.String,java.lang.String,java.lang.String,java.lang.String,java.lang.String,java.lang.String,java.lang.String,java.lang.String)[pri:0, instance:com.expleo.heroku.testCases.TC_003_TableTestDDT@2698dc7]" name="TableDDT" duration-ms="212" started-at="2021-08-18T22:44:34 IST" data-provider="TableData" finished-at="2021-08-18T22:44:34 IST">
          <params>
            <param index="0">
              <value>
                <![CDATA[Iuvaret2]]>
              </value>
            </param>
            <param index="1">
              <value>
                <![CDATA[Apeirian2]]>
              </value>
            </param>
            <param index="2">
              <value>
                <![CDATA[Adipisci2]]>
              </value>
            </param>
            <param index="3">
              <value>
                <![CDATA[Definiebas2]]>
              </value>
            </param>
            <param index="4">
              <value>
                <![CDATA[Consequuntur2]]>
              </value>
            </param>
            <param index="5">
              <value>
                <![CDATA[Phaedrum2]]>
              </value>
            </param>
            <param index="6">
              <value>
                <![CDATA[3]]>
              </value>
            </param>
            <param index="7">
              <value>
                <![CDATA[1]]>
              </value>
            </param>
          </params>
          <reporter-output>
          </reporter-output>
        </test-method> <!-- TableDDT -->
        <test-method status="PASS" signature="TableDDT(java.lang.String,java.lang.String,java.lang.String,java.lang.String,java.lang.String,java.lang.String,java.lang.String,java.lang.String)[pri:0, instance:com.expleo.heroku.testCases.TC_003_TableTestDDT@2698dc7]" name="TableDDT" duration-ms="204" started-at="2021-08-18T22:44:34 IST" data-provider="TableData" finished-at="2021-08-18T22:44:34 IST">
          <params>
            <param index="0">
              <value>
                <![CDATA[Iuvaret3]]>
              </value>
            </param>
            <param index="1">
              <value>
                <![CDATA[Apeirian3]]>
              </value>
            </param>
            <param index="2">
              <value>
                <![CDATA[Adipisci3]]>
              </value>
            </param>
            <param index="3">
              <value>
                <![CDATA[Definiebas3]]>
              </value>
            </param>
            <param index="4">
              <value>
                <![CDATA[Consequuntur3]]>
              </value>
            </param>
            <param index="5">
              <value>
                <![CDATA[Phaedrum3]]>
              </value>
            </param>
            <param index="6">
              <value>
                <![CDATA[4]]>
              </value>
            </param>
            <param index="7">
              <value>
                <![CDATA[1]]>
              </value>
            </param>
          </params>
          <reporter-output>
          </reporter-output>
        </test-method> <!-- TableDDT -->
        <test-method status="PASS" signature="TableDDT(java.lang.String,java.lang.String,java.lang.String,java.lang.String,java.lang.String,java.lang.String,java.lang.String,java.lang.String)[pri:0, instance:com.expleo.heroku.testCases.TC_003_TableTestDDT@2698dc7]" name="TableDDT" duration-ms="218" started-at="2021-08-18T22:44:34 IST" data-provider="TableData" finished-at="2021-08-18T22:44:34 IST">
          <params>
            <param index="0">
              <value>
                <![CDATA[Iuvaret4]]>
              </value>
            </param>
            <param index="1">
              <value>
                <![CDATA[Apeirian4]]>
              </value>
            </param>
            <param index="2">
              <value>
                <![CDATA[Adipisci4]]>
              </value>
            </param>
            <param index="3">
              <value>
                <![CDATA[Definiebas4]]>
              </value>
            </param>
            <param index="4">
              <value>
                <![CDATA[Consequuntur4]]>
              </value>
            </param>
            <param index="5">
              <value>
                <![CDATA[Phaedrum4]]>
              </value>
            </param>
            <param index="6">
              <value>
                <![CDATA[5]]>
              </value>
            </param>
            <param index="7">
              <value>
                <![CDATA[1]]>
              </value>
            </param>
          </params>
          <reporter-output>
          </reporter-output>
        </test-method> <!-- TableDDT -->
        <test-method status="PASS" signature="TableDDT(java.lang.String,java.lang.String,java.lang.String,java.lang.String,java.lang.String,java.lang.String,java.lang.String,java.lang.String)[pri:0, instance:com.expleo.heroku.testCases.TC_003_TableTestDDT@2698dc7]" name="TableDDT" duration-ms="294" started-at="2021-08-18T22:44:34 IST" data-provider="TableData" finished-at="2021-08-18T22:44:35 IST">
          <params>
            <param index="0">
              <value>
                <![CDATA[Iuvaret5]]>
              </value>
            </param>
            <param index="1">
              <value>
                <![CDATA[Apeirian5]]>
              </value>
            </param>
            <param index="2">
              <value>
                <![CDATA[Adipisci5]]>
              </value>
            </param>
            <param index="3">
              <value>
                <![CDATA[Definiebas5]]>
              </value>
            </param>
            <param index="4">
              <value>
                <![CDATA[Consequuntur5]]>
              </value>
            </param>
            <param index="5">
              <value>
                <![CDATA[Phaedrum5]]>
              </value>
            </param>
            <param index="6">
              <value>
                <![CDATA[6]]>
              </value>
            </param>
            <param index="7">
              <value>
                <![CDATA[1]]>
              </value>
            </param>
          </params>
          <reporter-output>
          </reporter-output>
        </test-method> <!-- TableDDT -->
        <test-method status="PASS" signature="TableDDT(java.lang.String,java.lang.String,java.lang.String,java.lang.String,java.lang.String,java.lang.String,java.lang.String,java.lang.String)[pri:0, instance:com.expleo.heroku.testCases.TC_003_TableTestDDT@2698dc7]" name="TableDDT" duration-ms="270" started-at="2021-08-18T22:44:35 IST" data-provider="TableData" finished-at="2021-08-18T22:44:35 IST">
          <params>
            <param index="0">
              <value>
                <![CDATA[Iuvaret6]]>
              </value>
            </param>
            <param index="1">
              <value>
                <![CDATA[Apeirian6]]>
              </value>
            </param>
            <param index="2">
              <value>
                <![CDATA[Adipisci6]]>
              </value>
            </param>
            <param index="3">
              <value>
                <![CDATA[Definiebas6]]>
              </value>
            </param>
            <param index="4">
              <value>
                <![CDATA[Consequuntur6]]>
              </value>
            </param>
            <param index="5">
              <value>
                <![CDATA[Phaedrum6]]>
              </value>
            </param>
            <param index="6">
              <value>
                <![CDATA[7]]>
              </value>
            </param>
            <param index="7">
              <value>
                <![CDATA[1]]>
              </value>
            </param>
          </params>
          <reporter-output>
          </reporter-output>
        </test-method> <!-- TableDDT -->
        <test-method status="PASS" signature="TableDDT(java.lang.String,java.lang.String,java.lang.String,java.lang.String,java.lang.String,java.lang.String,java.lang.String,java.lang.String)[pri:0, instance:com.expleo.heroku.testCases.TC_003_TableTestDDT@2698dc7]" name="TableDDT" duration-ms="232" started-at="2021-08-18T22:44:35 IST" data-provider="TableData" finished-at="2021-08-18T22:44:35 IST">
          <params>
            <param index="0">
              <value>
                <![CDATA[Iuvaret7]]>
              </value>
            </param>
            <param index="1">
              <value>
                <![CDATA[Apeirian7]]>
              </value>
            </param>
            <param index="2">
              <value>
                <![CDATA[Adipisci7]]>
              </value>
            </param>
            <param index="3">
              <value>
                <![CDATA[Definiebas7]]>
              </value>
            </param>
            <param index="4">
              <value>
                <![CDATA[Consequuntur7]]>
              </value>
            </param>
            <param index="5">
              <value>
                <![CDATA[Phaedrum7]]>
              </value>
            </param>
            <param index="6">
              <value>
                <![CDATA[8]]>
              </value>
            </param>
            <param index="7">
              <value>
                <![CDATA[1]]>
              </value>
            </param>
          </params>
          <reporter-output>
          </reporter-output>
        </test-method> <!-- TableDDT -->
        <test-method status="PASS" signature="TableDDT(java.lang.String,java.lang.String,java.lang.String,java.lang.String,java.lang.String,java.lang.String,java.lang.String,java.lang.String)[pri:0, instance:com.expleo.heroku.testCases.TC_003_TableTestDDT@2698dc7]" name="TableDDT" duration-ms="297" started-at="2021-08-18T22:44:35 IST" data-provider="TableData" finished-at="2021-08-18T22:44:35 IST">
          <params>
            <param index="0">
              <value>
                <![CDATA[Iuvaret8]]>
              </value>
            </param>
            <param index="1">
              <value>
                <![CDATA[Apeirian8]]>
              </value>
            </param>
            <param index="2">
              <value>
                <![CDATA[Adipisci8]]>
              </value>
            </param>
            <param index="3">
              <value>
                <![CDATA[Definiebas8]]>
              </value>
            </param>
            <param index="4">
              <value>
                <![CDATA[Consequuntur8]]>
              </value>
            </param>
            <param index="5">
              <value>
                <![CDATA[Phaedrum8]]>
              </value>
            </param>
            <param index="6">
              <value>
                <![CDATA[9]]>
              </value>
            </param>
            <param index="7">
              <value>
                <![CDATA[1]]>
              </value>
            </param>
          </params>
          <reporter-output>
          </reporter-output>
        </test-method> <!-- TableDDT -->
        <test-method status="PASS" signature="TableDDT(java.lang.String,java.lang.String,java.lang.String,java.lang.String,java.lang.String,java.lang.String,java.lang.String,java.lang.String)[pri:0, instance:com.expleo.heroku.testCases.TC_003_TableTestDDT@2698dc7]" name="TableDDT" duration-ms="257" started-at="2021-08-18T22:44:35 IST" data-provider="TableData" finished-at="2021-08-18T22:44:36 IST">
          <params>
            <param index="0">
              <value>
                <![CDATA[Iuvaret9]]>
              </value>
            </param>
            <param index="1">
              <value>
                <![CDATA[Apeirian9]]>
              </value>
            </param>
            <param index="2">
              <value>
                <![CDATA[Adipisci9]]>
              </value>
            </param>
            <param index="3">
              <value>
                <![CDATA[Definiebas9]]>
              </value>
            </param>
            <param index="4">
              <value>
                <![CDATA[Consequuntur9]]>
              </value>
            </param>
            <param index="5">
              <value>
                <![CDATA[Phaedrum9]]>
              </value>
            </param>
            <param index="6">
              <value>
                <![CDATA[10]]>
              </value>
            </param>
            <param index="7">
              <value>
                <![CDATA[1]]>
              </value>
            </param>
          </params>
          <reporter-output>
          </reporter-output>
        </test-method> <!-- TableDDT -->
        <test-method status="PASS" signature="tearDown()[pri:0, instance:com.expleo.heroku.testCases.TC_003_TableTestDDT@2698dc7]" name="tearDown" is-config="true" duration-ms="945" started-at="2021-08-18T22:44:36 IST" finished-at="2021-08-18T22:44:37 IST">
          <reporter-output>
          </reporter-output>
        </test-method> <!-- tearDown -->
      </class> <!-- com.expleo.heroku.testCases.TC_003_TableTestDDT -->
      <class name="com.expleo.heroku.testCases.TC_007_EditClickTest">
        <test-method status="PASS" signature="init(java.lang.String)[pri:0, instance:com.expleo.heroku.testCases.TC_007_EditClickTest@27fe3806]" name="init" is-config="true" duration-ms="8261" started-at="2021-08-18T22:45:09 IST" finished-at="2021-08-18T22:45:17 IST">
          <params>
            <param index="0">
              <value>
                <![CDATA[firefox]]>
              </value>
            </param>
          </params>
          <reporter-output>
          </reporter-output>
        </test-method> <!-- init -->
        <test-method status="PASS" signature="editTest()[pri:0, instance:com.expleo.heroku.testCases.TC_007_EditClickTest@27fe3806]" name="editTest" duration-ms="2499" started-at="2021-08-18T22:45:17 IST" finished-at="2021-08-18T22:45:20 IST">
          <reporter-output>
          </reporter-output>
        </test-method> <!-- editTest -->
        <test-method status="PASS" signature="tearDown()[pri:0, instance:com.expleo.heroku.testCases.TC_007_EditClickTest@27fe3806]" name="tearDown" is-config="true" duration-ms="904" started-at="2021-08-18T22:45:20 IST" finished-at="2021-08-18T22:45:21 IST">
          <reporter-output>
          </reporter-output>
        </test-method> <!-- tearDown -->
      </class> <!-- com.expleo.heroku.testCases.TC_007_EditClickTest -->
      <class name="com.expleo.heroku.testCases.TC_005_ParaTest">
        <test-method status="PASS" signature="init(java.lang.String)[pri:0, instance:com.expleo.heroku.testCases.TC_005_ParaTest@17baae6e]" name="init" is-config="true" duration-ms="8665" started-at="2021-08-18T22:44:46 IST" finished-at="2021-08-18T22:44:55 IST">
          <params>
            <param index="0">
              <value>
                <![CDATA[firefox]]>
              </value>
            </param>
          </params>
          <reporter-output>
          </reporter-output>
        </test-method> <!-- init -->
        <test-method status="PASS" signature="paraCheck()[pri:0, instance:com.expleo.heroku.testCases.TC_005_ParaTest@17baae6e]" name="paraCheck" duration-ms="54" started-at="2021-08-18T22:44:55 IST" finished-at="2021-08-18T22:44:55 IST">
          <reporter-output>
          </reporter-output>
        </test-method> <!-- paraCheck -->
        <test-method status="PASS" signature="tearDown()[pri:0, instance:com.expleo.heroku.testCases.TC_005_ParaTest@17baae6e]" name="tearDown" is-config="true" duration-ms="1329" started-at="2021-08-18T22:44:55 IST" finished-at="2021-08-18T22:44:56 IST">
          <reporter-output>
          </reporter-output>
        </test-method> <!-- tearDown -->
      </class> <!-- com.expleo.heroku.testCases.TC_005_ParaTest -->
    </test> <!-- Firefox Test -->
    <test name="Edge Test" duration-ms="82934" started-at="2021-08-18T22:45:47 IST" finished-at="2021-08-18T22:47:10 IST">
      <class name="com.expleo.heroku.testCases.TC_009_ElementalLinkTest">
        <test-method status="PASS" signature="init(java.lang.String)[pri:0, instance:com.expleo.heroku.testCases.TC_009_ElementalLinkTest@2473b9ce]" name="init" is-config="true" duration-ms="6113" started-at="2021-08-18T22:46:58 IST" finished-at="2021-08-18T22:47:04 IST">
          <params>
            <param index="0">
              <value>
                <![CDATA[edge]]>
              </value>
            </param>
          </params>
          <reporter-output>
          </reporter-output>
        </test-method> <!-- init -->
        <test-method status="PASS" signature="elementLinkTest()[pri:0, instance:com.expleo.heroku.testCases.TC_009_ElementalLinkTest@2473b9ce]" name="elementLinkTest" duration-ms="5202" started-at="2021-08-18T22:47:04 IST" finished-at="2021-08-18T22:47:09 IST">
          <reporter-output>
          </reporter-output>
        </test-method> <!-- elementLinkTest -->
        <test-method status="PASS" signature="tearDown()[pri:0, instance:com.expleo.heroku.testCases.TC_009_ElementalLinkTest@2473b9ce]" name="tearDown" is-config="true" duration-ms="744" started-at="2021-08-18T22:47:09 IST" finished-at="2021-08-18T22:47:10 IST">
          <reporter-output>
          </reporter-output>
        </test-method> <!-- tearDown -->
      </class> <!-- com.expleo.heroku.testCases.TC_009_ElementalLinkTest -->
      <class name="com.expleo.heroku.testCases.TC_008_DeleteClickTest">
        <test-method status="PASS" signature="init(java.lang.String)[pri:0, instance:com.expleo.heroku.testCases.TC_008_DeleteClickTest@50de0926]" name="init" is-config="true" duration-ms="5192" started-at="2021-08-18T22:46:51 IST" finished-at="2021-08-18T22:46:56 IST">
          <params>
            <param index="0">
              <value>
                <![CDATA[edge]]>
              </value>
            </param>
          </params>
          <reporter-output>
          </reporter-output>
        </test-method> <!-- init -->
        <test-method status="PASS" signature="deleteTest()[pri:0, instance:com.expleo.heroku.testCases.TC_008_DeleteClickTest@50de0926]" name="deleteTest" duration-ms="1168" started-at="2021-08-18T22:46:56 IST" finished-at="2021-08-18T22:46:57 IST">
          <reporter-output>
          </reporter-output>
        </test-method> <!-- deleteTest -->
        <test-method status="PASS" signature="tearDown()[pri:0, instance:com.expleo.heroku.testCases.TC_008_DeleteClickTest@50de0926]" name="tearDown" is-config="true" duration-ms="740" started-at="2021-08-18T22:46:57 IST" finished-at="2021-08-18T22:46:58 IST">
          <reporter-output>
          </reporter-output>
        </test-method> <!-- tearDown -->
      </class> <!-- com.expleo.heroku.testCases.TC_008_DeleteClickTest -->
      <class name="com.expleo.heroku.testCases.TC_002_ButtonTestDDT">
        <test-method status="PASS" signature="init(java.lang.String)[pri:0, instance:com.expleo.heroku.testCases.TC_002_ButtonTestDDT@133e16fd]" name="init" is-config="true" duration-ms="5411" started-at="2021-08-18T22:45:54 IST" finished-at="2021-08-18T22:45:59 IST">
          <params>
            <param index="0">
              <value>
                <![CDATA[edge]]>
              </value>
            </param>
          </params>
          <reporter-output>
          </reporter-output>
        </test-method> <!-- init -->
        <test-method status="PASS" signature="buttonDDT(java.lang.String)[pri:0, instance:com.expleo.heroku.testCases.TC_002_ButtonTestDDT@133e16fd]" name="buttonDDT" duration-ms="3686" started-at="2021-08-18T22:45:59 IST" data-provider="Buttondata" finished-at="2021-08-18T22:46:03 IST">
          <params>
            <param index="0">
              <value>
                <![CDATA[buttonblue]]>
              </value>
            </param>
          </params>
          <reporter-output>
          </reporter-output>
        </test-method> <!-- buttonDDT -->
        <test-method status="PASS" signature="buttonDDT(java.lang.String)[pri:0, instance:com.expleo.heroku.testCases.TC_002_ButtonTestDDT@133e16fd]" name="buttonDDT" duration-ms="3517" started-at="2021-08-18T22:46:03 IST" data-provider="Buttondata" finished-at="2021-08-18T22:46:06 IST">
          <params>
            <param index="0">
              <value>
                <![CDATA[buttonred]]>
              </value>
            </param>
          </params>
          <reporter-output>
          </reporter-output>
        </test-method> <!-- buttonDDT -->
        <test-method status="PASS" signature="buttonDDT(java.lang.String)[pri:0, instance:com.expleo.heroku.testCases.TC_002_ButtonTestDDT@133e16fd]" name="buttonDDT" duration-ms="3562" started-at="2021-08-18T22:46:06 IST" data-provider="Buttondata" finished-at="2021-08-18T22:46:10 IST">
          <params>
            <param index="0">
              <value>
                <![CDATA[buttongreen]]>
              </value>
            </param>
          </params>
          <reporter-output>
          </reporter-output>
        </test-method> <!-- buttonDDT -->
        <test-method status="PASS" signature="tearDown()[pri:0, instance:com.expleo.heroku.testCases.TC_002_ButtonTestDDT@133e16fd]" name="tearDown" is-config="true" duration-ms="928" started-at="2021-08-18T22:46:10 IST" finished-at="2021-08-18T22:46:11 IST">
          <reporter-output>
          </reporter-output>
        </test-method> <!-- tearDown -->
      </class> <!-- com.expleo.heroku.testCases.TC_002_ButtonTestDDT -->
      <class name="com.expleo.heroku.testCases.TC_006_CanvasTestDDT">
        <test-method status="PASS" signature="init(java.lang.String)[pri:0, instance:com.expleo.heroku.testCases.TC_006_CanvasTestDDT@1cab0bfb]" name="init" is-config="true" duration-ms="4820" started-at="2021-08-18T22:46:35 IST" finished-at="2021-08-18T22:46:40 IST">
          <params>
            <param index="0">
              <value>
                <![CDATA[edge]]>
              </value>
            </param>
          </params>
          <reporter-output>
          </reporter-output>
        </test-method> <!-- init -->
        <test-method status="PASS" signature="canvaTest(java.lang.String)[pri:0, instance:com.expleo.heroku.testCases.TC_006_CanvasTestDDT@1cab0bfb]" name="canvaTest" duration-ms="927" started-at="2021-08-18T22:46:40 IST" data-provider="Buttondata" finished-at="2021-08-18T22:46:41 IST">
          <params>
            <param index="0">
              <value>
                <![CDATA[buttonblue]]>
              </value>
            </param>
          </params>
          <reporter-output>
          </reporter-output>
        </test-method> <!-- canvaTest -->
        <test-method status="PASS" signature="canvaTest(java.lang.String)[pri:0, instance:com.expleo.heroku.testCases.TC_006_CanvasTestDDT@1cab0bfb]" name="canvaTest" duration-ms="879" started-at="2021-08-18T22:46:41 IST" data-provider="Buttondata" finished-at="2021-08-18T22:46:42 IST">
          <params>
            <param index="0">
              <value>
                <![CDATA[buttonred]]>
              </value>
            </param>
          </params>
          <reporter-output>
          </reporter-output>
        </test-method> <!-- canvaTest -->
        <test-method status="PASS" signature="canvaTest(java.lang.String)[pri:0, instance:com.expleo.heroku.testCases.TC_006_CanvasTestDDT@1cab0bfb]" name="canvaTest" duration-ms="899" started-at="2021-08-18T22:46:42 IST" data-provider="Buttondata" finished-at="2021-08-18T22:46:43 IST">
          <params>
            <param index="0">
              <value>
                <![CDATA[buttongreen]]>
              </value>
            </param>
          </params>
          <reporter-output>
          </reporter-output>
        </test-method> <!-- canvaTest -->
        <test-method status="PASS" signature="tearDown()[pri:0, instance:com.expleo.heroku.testCases.TC_006_CanvasTestDDT@1cab0bfb]" name="tearDown" is-config="true" duration-ms="729" started-at="2021-08-18T22:46:43 IST" finished-at="2021-08-18T22:46:44 IST">
          <reporter-output>
          </reporter-output>
        </test-method> <!-- tearDown -->
      </class> <!-- com.expleo.heroku.testCases.TC_006_CanvasTestDDT -->
      <class name="com.expleo.heroku.testCases.TC_001_TitleTest">
        <test-method status="PASS" signature="init(java.lang.String)[pri:0, instance:com.expleo.heroku.testCases.TC_001_TitleTest@5e57643e]" name="init" is-config="true" duration-ms="5819" started-at="2021-08-18T22:45:47 IST" finished-at="2021-08-18T22:45:53 IST">
          <params>
            <param index="0">
              <value>
                <![CDATA[edge]]>
              </value>
            </param>
          </params>
          <reporter-output>
          </reporter-output>
        </test-method> <!-- init -->
        <test-method status="PASS" signature="titleTest()[pri:0, instance:com.expleo.heroku.testCases.TC_001_TitleTest@5e57643e]" name="titleTest" duration-ms="13" started-at="2021-08-18T22:45:53 IST" finished-at="2021-08-18T22:45:53 IST">
          <reporter-output>
          </reporter-output>
        </test-method> <!-- titleTest -->
        <test-method status="PASS" signature="tearDown()[pri:0, instance:com.expleo.heroku.testCases.TC_001_TitleTest@5e57643e]" name="tearDown" is-config="true" duration-ms="687" started-at="2021-08-18T22:45:53 IST" finished-at="2021-08-18T22:45:54 IST">
          <reporter-output>
          </reporter-output>
        </test-method> <!-- tearDown -->
      </class> <!-- com.expleo.heroku.testCases.TC_001_TitleTest -->
      <class name="com.expleo.heroku.testCases.TC_004_HeaderTest">
        <test-method status="PASS" signature="init(java.lang.String)[pri:0, instance:com.expleo.heroku.testCases.TC_004_HeaderTest@1ad282e0]" name="init" is-config="true" duration-ms="5459" started-at="2021-08-18T22:46:23 IST" finished-at="2021-08-18T22:46:28 IST">
          <params>
            <param index="0">
              <value>
                <![CDATA[edge]]>
              </value>
            </param>
          </params>
          <reporter-output>
          </reporter-output>
        </test-method> <!-- init -->
        <test-method status="PASS" signature="headTest()[pri:0, instance:com.expleo.heroku.testCases.TC_004_HeaderTest@1ad282e0]" name="headTest" duration-ms="41" started-at="2021-08-18T22:46:28 IST" finished-at="2021-08-18T22:46:28 IST">
          <reporter-output>
          </reporter-output>
        </test-method> <!-- headTest -->
        <test-method status="PASS" signature="tearDown()[pri:0, instance:com.expleo.heroku.testCases.TC_004_HeaderTest@1ad282e0]" name="tearDown" is-config="true" duration-ms="742" started-at="2021-08-18T22:46:28 IST" finished-at="2021-08-18T22:46:29 IST">
          <reporter-output>
          </reporter-output>
        </test-method> <!-- tearDown -->
      </class> <!-- com.expleo.heroku.testCases.TC_004_HeaderTest -->
      <class name="com.expleo.heroku.testCases.TC_003_TableTestDDT">
        <test-method status="PASS" signature="init(java.lang.String)[pri:0, instance:com.expleo.heroku.testCases.TC_003_TableTestDDT@51b279c9]" name="init" is-config="true" duration-ms="5923" started-at="2021-08-18T22:46:11 IST" finished-at="2021-08-18T22:46:17 IST">
          <params>
            <param index="0">
              <value>
                <![CDATA[edge]]>
              </value>
            </param>
          </params>
          <reporter-output>
          </reporter-output>
        </test-method> <!-- init -->
        <test-method status="PASS" signature="TableDDT(java.lang.String,java.lang.String,java.lang.String,java.lang.String,java.lang.String,java.lang.String,java.lang.String,java.lang.String)[pri:0, instance:com.expleo.heroku.testCases.TC_003_TableTestDDT@51b279c9]" name="TableDDT" duration-ms="393" started-at="2021-08-18T22:46:18 IST" data-provider="TableData" finished-at="2021-08-18T22:46:18 IST">
          <params>
            <param index="0">
              <value>
                <![CDATA[Iuvaret0]]>
              </value>
            </param>
            <param index="1">
              <value>
                <![CDATA[Apeirian0]]>
              </value>
            </param>
            <param index="2">
              <value>
                <![CDATA[Adipisci0]]>
              </value>
            </param>
            <param index="3">
              <value>
                <![CDATA[Definiebas0]]>
              </value>
            </param>
            <param index="4">
              <value>
                <![CDATA[Consequuntur0]]>
              </value>
            </param>
            <param index="5">
              <value>
                <![CDATA[Phaedrum0]]>
              </value>
            </param>
            <param index="6">
              <value>
                <![CDATA[1]]>
              </value>
            </param>
            <param index="7">
              <value>
                <![CDATA[1]]>
              </value>
            </param>
          </params>
          <reporter-output>
          </reporter-output>
        </test-method> <!-- TableDDT -->
        <test-method status="PASS" signature="TableDDT(java.lang.String,java.lang.String,java.lang.String,java.lang.String,java.lang.String,java.lang.String,java.lang.String,java.lang.String)[pri:0, instance:com.expleo.heroku.testCases.TC_003_TableTestDDT@51b279c9]" name="TableDDT" duration-ms="479" started-at="2021-08-18T22:46:18 IST" data-provider="TableData" finished-at="2021-08-18T22:46:18 IST">
          <params>
            <param index="0">
              <value>
                <![CDATA[Iuvaret1]]>
              </value>
            </param>
            <param index="1">
              <value>
                <![CDATA[Apeirian1]]>
              </value>
            </param>
            <param index="2">
              <value>
                <![CDATA[Adipisci1]]>
              </value>
            </param>
            <param index="3">
              <value>
                <![CDATA[Definiebas1]]>
              </value>
            </param>
            <param index="4">
              <value>
                <![CDATA[Consequuntur1]]>
              </value>
            </param>
            <param index="5">
              <value>
                <![CDATA[Phaedrum1]]>
              </value>
            </param>
            <param index="6">
              <value>
                <![CDATA[2]]>
              </value>
            </param>
            <param index="7">
              <value>
                <![CDATA[1]]>
              </value>
            </param>
          </params>
          <reporter-output>
          </reporter-output>
        </test-method> <!-- TableDDT -->
        <test-method status="PASS" signature="TableDDT(java.lang.String,java.lang.String,java.lang.String,java.lang.String,java.lang.String,java.lang.String,java.lang.String,java.lang.String)[pri:0, instance:com.expleo.heroku.testCases.TC_003_TableTestDDT@51b279c9]" name="TableDDT" duration-ms="499" started-at="2021-08-18T22:46:18 IST" data-provider="TableData" finished-at="2021-08-18T22:46:19 IST">
          <params>
            <param index="0">
              <value>
                <![CDATA[Iuvaret2]]>
              </value>
            </param>
            <param index="1">
              <value>
                <![CDATA[Apeirian2]]>
              </value>
            </param>
            <param index="2">
              <value>
                <![CDATA[Adipisci2]]>
              </value>
            </param>
            <param index="3">
              <value>
                <![CDATA[Definiebas2]]>
              </value>
            </param>
            <param index="4">
              <value>
                <![CDATA[Consequuntur2]]>
              </value>
            </param>
            <param index="5">
              <value>
                <![CDATA[Phaedrum2]]>
              </value>
            </param>
            <param index="6">
              <value>
                <![CDATA[3]]>
              </value>
            </param>
            <param index="7">
              <value>
                <![CDATA[1]]>
              </value>
            </param>
          </params>
          <reporter-output>
          </reporter-output>
        </test-method> <!-- TableDDT -->
        <test-method status="PASS" signature="TableDDT(java.lang.String,java.lang.String,java.lang.String,java.lang.String,java.lang.String,java.lang.String,java.lang.String,java.lang.String)[pri:0, instance:com.expleo.heroku.testCases.TC_003_TableTestDDT@51b279c9]" name="TableDDT" duration-ms="488" started-at="2021-08-18T22:46:19 IST" data-provider="TableData" finished-at="2021-08-18T22:46:19 IST">
          <params>
            <param index="0">
              <value>
                <![CDATA[Iuvaret3]]>
              </value>
            </param>
            <param index="1">
              <value>
                <![CDATA[Apeirian3]]>
              </value>
            </param>
            <param index="2">
              <value>
                <![CDATA[Adipisci3]]>
              </value>
            </param>
            <param index="3">
              <value>
                <![CDATA[Definiebas3]]>
              </value>
            </param>
            <param index="4">
              <value>
                <![CDATA[Consequuntur3]]>
              </value>
            </param>
            <param index="5">
              <value>
                <![CDATA[Phaedrum3]]>
              </value>
            </param>
            <param index="6">
              <value>
                <![CDATA[4]]>
              </value>
            </param>
            <param index="7">
              <value>
                <![CDATA[1]]>
              </value>
            </param>
          </params>
          <reporter-output>
          </reporter-output>
        </test-method> <!-- TableDDT -->
        <test-method status="PASS" signature="TableDDT(java.lang.String,java.lang.String,java.lang.String,java.lang.String,java.lang.String,java.lang.String,java.lang.String,java.lang.String)[pri:0, instance:com.expleo.heroku.testCases.TC_003_TableTestDDT@51b279c9]" name="TableDDT" duration-ms="542" started-at="2021-08-18T22:46:19 IST" data-provider="TableData" finished-at="2021-08-18T22:46:20 IST">
          <params>
            <param index="0">
              <value>
                <![CDATA[Iuvaret4]]>
              </value>
            </param>
            <param index="1">
              <value>
                <![CDATA[Apeirian4]]>
              </value>
            </param>
            <param index="2">
              <value>
                <![CDATA[Adipisci4]]>
              </value>
            </param>
            <param index="3">
              <value>
                <![CDATA[Definiebas4]]>
              </value>
            </param>
            <param index="4">
              <value>
                <![CDATA[Consequuntur4]]>
              </value>
            </param>
            <param index="5">
              <value>
                <![CDATA[Phaedrum4]]>
              </value>
            </param>
            <param index="6">
              <value>
                <![CDATA[5]]>
              </value>
            </param>
            <param index="7">
              <value>
                <![CDATA[1]]>
              </value>
            </param>
          </params>
          <reporter-output>
          </reporter-output>
        </test-method> <!-- TableDDT -->
        <test-method status="PASS" signature="TableDDT(java.lang.String,java.lang.String,java.lang.String,java.lang.String,java.lang.String,java.lang.String,java.lang.String,java.lang.String)[pri:0, instance:com.expleo.heroku.testCases.TC_003_TableTestDDT@51b279c9]" name="TableDDT" duration-ms="392" started-at="2021-08-18T22:46:20 IST" data-provider="TableData" finished-at="2021-08-18T22:46:20 IST">
          <params>
            <param index="0">
              <value>
                <![CDATA[Iuvaret5]]>
              </value>
            </param>
            <param index="1">
              <value>
                <![CDATA[Apeirian5]]>
              </value>
            </param>
            <param index="2">
              <value>
                <![CDATA[Adipisci5]]>
              </value>
            </param>
            <param index="3">
              <value>
                <![CDATA[Definiebas5]]>
              </value>
            </param>
            <param index="4">
              <value>
                <![CDATA[Consequuntur5]]>
              </value>
            </param>
            <param index="5">
              <value>
                <![CDATA[Phaedrum5]]>
              </value>
            </param>
            <param index="6">
              <value>
                <![CDATA[6]]>
              </value>
            </param>
            <param index="7">
              <value>
                <![CDATA[1]]>
              </value>
            </param>
          </params>
          <reporter-output>
          </reporter-output>
        </test-method> <!-- TableDDT -->
        <test-method status="PASS" signature="TableDDT(java.lang.String,java.lang.String,java.lang.String,java.lang.String,java.lang.String,java.lang.String,java.lang.String,java.lang.String)[pri:0, instance:com.expleo.heroku.testCases.TC_003_TableTestDDT@51b279c9]" name="TableDDT" duration-ms="417" started-at="2021-08-18T22:46:20 IST" data-provider="TableData" finished-at="2021-08-18T22:46:21 IST">
          <params>
            <param index="0">
              <value>
                <![CDATA[Iuvaret6]]>
              </value>
            </param>
            <param index="1">
              <value>
                <![CDATA[Apeirian6]]>
              </value>
            </param>
            <param index="2">
              <value>
                <![CDATA[Adipisci6]]>
              </value>
            </param>
            <param index="3">
              <value>
                <![CDATA[Definiebas6]]>
              </value>
            </param>
            <param index="4">
              <value>
                <![CDATA[Consequuntur6]]>
              </value>
            </param>
            <param index="5">
              <value>
                <![CDATA[Phaedrum6]]>
              </value>
            </param>
            <param index="6">
              <value>
                <![CDATA[7]]>
              </value>
            </param>
            <param index="7">
              <value>
                <![CDATA[1]]>
              </value>
            </param>
          </params>
          <reporter-output>
          </reporter-output>
        </test-method> <!-- TableDDT -->
        <test-method status="PASS" signature="TableDDT(java.lang.String,java.lang.String,java.lang.String,java.lang.String,java.lang.String,java.lang.String,java.lang.String,java.lang.String)[pri:0, instance:com.expleo.heroku.testCases.TC_003_TableTestDDT@51b279c9]" name="TableDDT" duration-ms="504" started-at="2021-08-18T22:46:21 IST" data-provider="TableData" finished-at="2021-08-18T22:46:21 IST">
          <params>
            <param index="0">
              <value>
                <![CDATA[Iuvaret7]]>
              </value>
            </param>
            <param index="1">
              <value>
                <![CDATA[Apeirian7]]>
              </value>
            </param>
            <param index="2">
              <value>
                <![CDATA[Adipisci7]]>
              </value>
            </param>
            <param index="3">
              <value>
                <![CDATA[Definiebas7]]>
              </value>
            </param>
            <param index="4">
              <value>
                <![CDATA[Consequuntur7]]>
              </value>
            </param>
            <param index="5">
              <value>
                <![CDATA[Phaedrum7]]>
              </value>
            </param>
            <param index="6">
              <value>
                <![CDATA[8]]>
              </value>
            </param>
            <param index="7">
              <value>
                <![CDATA[1]]>
              </value>
            </param>
          </params>
          <reporter-output>
          </reporter-output>
        </test-method> <!-- TableDDT -->
        <test-method status="PASS" signature="TableDDT(java.lang.String,java.lang.String,java.lang.String,java.lang.String,java.lang.String,java.lang.String,java.lang.String,java.lang.String)[pri:0, instance:com.expleo.heroku.testCases.TC_003_TableTestDDT@51b279c9]" name="TableDDT" duration-ms="415" started-at="2021-08-18T22:46:21 IST" data-provider="TableData" finished-at="2021-08-18T22:46:22 IST">
          <params>
            <param index="0">
              <value>
                <![CDATA[Iuvaret8]]>
              </value>
            </param>
            <param index="1">
              <value>
                <![CDATA[Apeirian8]]>
              </value>
            </param>
            <param index="2">
              <value>
                <![CDATA[Adipisci8]]>
              </value>
            </param>
            <param index="3">
              <value>
                <![CDATA[Definiebas8]]>
              </value>
            </param>
            <param index="4">
              <value>
                <![CDATA[Consequuntur8]]>
              </value>
            </param>
            <param index="5">
              <value>
                <![CDATA[Phaedrum8]]>
              </value>
            </param>
            <param index="6">
              <value>
                <![CDATA[9]]>
              </value>
            </param>
            <param index="7">
              <value>
                <![CDATA[1]]>
              </value>
            </param>
          </params>
          <reporter-output>
          </reporter-output>
        </test-method> <!-- TableDDT -->
        <test-method status="PASS" signature="TableDDT(java.lang.String,java.lang.String,java.lang.String,java.lang.String,java.lang.String,java.lang.String,java.lang.String,java.lang.String)[pri:0, instance:com.expleo.heroku.testCases.TC_003_TableTestDDT@51b279c9]" name="TableDDT" duration-ms="340" started-at="2021-08-18T22:46:22 IST" data-provider="TableData" finished-at="2021-08-18T22:46:22 IST">
          <params>
            <param index="0">
              <value>
                <![CDATA[Iuvaret9]]>
              </value>
            </param>
            <param index="1">
              <value>
                <![CDATA[Apeirian9]]>
              </value>
            </param>
            <param index="2">
              <value>
                <![CDATA[Adipisci9]]>
              </value>
            </param>
            <param index="3">
              <value>
                <![CDATA[Definiebas9]]>
              </value>
            </param>
            <param index="4">
              <value>
                <![CDATA[Consequuntur9]]>
              </value>
            </param>
            <param index="5">
              <value>
                <![CDATA[Phaedrum9]]>
              </value>
            </param>
            <param index="6">
              <value>
                <![CDATA[10]]>
              </value>
            </param>
            <param index="7">
              <value>
                <![CDATA[1]]>
              </value>
            </param>
          </params>
          <reporter-output>
          </reporter-output>
        </test-method> <!-- TableDDT -->
        <test-method status="PASS" signature="tearDown()[pri:0, instance:com.expleo.heroku.testCases.TC_003_TableTestDDT@51b279c9]" name="tearDown" is-config="true" duration-ms="742" started-at="2021-08-18T22:46:22 IST" finished-at="2021-08-18T22:46:23 IST">
          <reporter-output>
          </reporter-output>
        </test-method> <!-- tearDown -->
      </class> <!-- com.expleo.heroku.testCases.TC_003_TableTestDDT -->
      <class name="com.expleo.heroku.testCases.TC_007_EditClickTest">
        <test-method status="PASS" signature="init(java.lang.String)[pri:0, instance:com.expleo.heroku.testCases.TC_007_EditClickTest@5e955596]" name="init" is-config="true" duration-ms="5401" started-at="2021-08-18T22:46:44 IST" finished-at="2021-08-18T22:46:49 IST">
          <params>
            <param index="0">
              <value>
                <![CDATA[edge]]>
              </value>
            </param>
          </params>
          <reporter-output>
          </reporter-output>
        </test-method> <!-- init -->
        <test-method status="PASS" signature="editTest()[pri:0, instance:com.expleo.heroku.testCases.TC_007_EditClickTest@5e955596]" name="editTest" duration-ms="1156" started-at="2021-08-18T22:46:49 IST" finished-at="2021-08-18T22:46:50 IST">
          <reporter-output>
          </reporter-output>
        </test-method> <!-- editTest -->
        <test-method status="PASS" signature="tearDown()[pri:0, instance:com.expleo.heroku.testCases.TC_007_EditClickTest@5e955596]" name="tearDown" is-config="true" duration-ms="765" started-at="2021-08-18T22:46:50 IST" finished-at="2021-08-18T22:46:51 IST">
          <reporter-output>
          </reporter-output>
        </test-method> <!-- tearDown -->
      </class> <!-- com.expleo.heroku.testCases.TC_007_EditClickTest -->
      <class name="com.expleo.heroku.testCases.TC_005_ParaTest">
        <test-method status="PASS" signature="init(java.lang.String)[pri:0, instance:com.expleo.heroku.testCases.TC_005_ParaTest@7f416310]" name="init" is-config="true" duration-ms="5478" started-at="2021-08-18T22:46:29 IST" finished-at="2021-08-18T22:46:35 IST">
          <params>
            <param index="0">
              <value>
                <![CDATA[edge]]>
              </value>
            </param>
          </params>
          <reporter-output>
          </reporter-output>
        </test-method> <!-- init -->
        <test-method status="PASS" signature="paraCheck()[pri:0, instance:com.expleo.heroku.testCases.TC_005_ParaTest@7f416310]" name="paraCheck" duration-ms="38" started-at="2021-08-18T22:46:35 IST" finished-at="2021-08-18T22:46:35 IST">
          <reporter-output>
          </reporter-output>
        </test-method> <!-- paraCheck -->
        <test-method status="PASS" signature="tearDown()[pri:0, instance:com.expleo.heroku.testCases.TC_005_ParaTest@7f416310]" name="tearDown" is-config="true" duration-ms="705" started-at="2021-08-18T22:46:35 IST" finished-at="2021-08-18T22:46:35 IST">
          <reporter-output>
          </reporter-output>
        </test-method> <!-- tearDown -->
      </class> <!-- com.expleo.heroku.testCases.TC_005_ParaTest -->
    </test> <!-- Edge Test -->
  </suite> <!-- AllBrowsers -->
</testng-results>
