<?xml version="1.0" encoding="UTF-8"?>
<!-- Generated by org.testng.reporters.JUnitXMLReporter -->
<testsuite hostname="LAPTOP-14KL8HCG" ignored="0" name="Chrome Test" tests="22" failures="0" timestamp="2021-08-18T20:46:02 IST" time="77.372" errors="0">
  <testcase name="titleTest" time="0.017" classname="com.expleo.heroku.testCases.TC_001_TitleTest"/>
  <testcase name="buttonDDT" time="3.58" classname="com.expleo.heroku.testCases.TC_002_ButtonTestDDT"/>
  <testcase name="buttonDDT" time="4.006" classname="com.expleo.heroku.testCases.TC_002_ButtonTestDDT"/>
  <testcase name="buttonDDT" time="3.51" classname="com.expleo.heroku.testCases.TC_002_ButtonTestDDT"/>
  <testcase name="TableDDT" time="0.369" classname="com.expleo.heroku.testCases.TC_003_TableTestDDT"/>
  <testcase name="TableDDT" time="0.409" classname="com.expleo.heroku.testCases.TC_003_TableTestDDT"/>
  <testcase name="TableDDT" time="0.372" classname="com.expleo.heroku.testCases.TC_003_TableTestDDT"/>
  <testcase name="TableDDT" time="0.377" classname="com.expleo.heroku.testCases.TC_003_TableTestDDT"/>
  <testcase name="TableDDT" time="0.371" classname="com.expleo.heroku.testCases.TC_003_TableTestDDT"/>
  <testcase name="TableDDT" time="0.376" classname="com.expleo.heroku.testCases.TC_003_TableTestDDT"/>
  <testcase name="TableDDT" time="0.364" classname="com.expleo.heroku.testCases.TC_003_TableTestDDT"/>
  <testcase name="TableDDT" time="0.357" classname="com.expleo.heroku.testCases.TC_003_TableTestDDT"/>
  <testcase name="TableDDT" time="0.374" classname="com.expleo.heroku.testCases.TC_003_TableTestDDT"/>
  <testcase name="TableDDT" time="0.343" classname="com.expleo.heroku.testCases.TC_003_TableTestDDT"/>
  <testcase name="headTest" time="0.028" classname="com.expleo.heroku.testCases.TC_004_HeaderTest"/>
  <testcase name="paraCheck" time="0.028" classname="com.expleo.heroku.testCases.TC_005_ParaTest"/>
  <testcase name="canvaTest" time="0.851" classname="com.expleo.heroku.testCases.TC_006_CanvasTest"/>
  <testcase name="canvaTest" time="0.79" classname="com.expleo.heroku.testCases.TC_006_CanvasTest"/>
  <testcase name="canvaTest" time="0.8" classname="com.expleo.heroku.testCases.TC_006_CanvasTest"/>
  <testcase name="editTest" time="0.627" classname="com.expleo.heroku.testCases.TC_007_EditClickTest"/>
  <testcase name="deleteTest" time="0.616" classname="com.expleo.heroku.testCases.TC_008_DeleteClickTest"/>
  <testcase name="elementLinkTest" time="5.147" classname="com.expleo.heroku.testCases.TC_009_ElementalLinkTest"/>
</testsuite> <!-- Chrome Test -->
