<?xml version="1.0" encoding="UTF-8"?>
<!-- Generated by org.testng.reporters.JUnitXMLReporter -->
<testsuite hostname="LAPTOP-14KL8HCG" ignored="0" name="Firefox Test" tests="22" failures="0" timestamp="2021-08-18T22:45:47 IST" time="116.73" errors="0">
  <testcase name="titleTest" time="0.006" classname="com.expleo.heroku.testCases.TC_001_TitleTest"/>
  <testcase name="buttonDDT" time="3.567" classname="com.expleo.heroku.testCases.TC_002_ButtonTestDDT"/>
  <testcase name="buttonDDT" time="3.614" classname="com.expleo.heroku.testCases.TC_002_ButtonTestDDT"/>
  <testcase name="buttonDDT" time="3.626" classname="com.expleo.heroku.testCases.TC_002_ButtonTestDDT"/>
  <testcase name="TableDDT" time="0.318" classname="com.expleo.heroku.testCases.TC_003_TableTestDDT"/>
  <testcase name="TableDDT" time="0.297" classname="com.expleo.heroku.testCases.TC_003_TableTestDDT"/>
  <testcase name="TableDDT" time="0.212" classname="com.expleo.heroku.testCases.TC_003_TableTestDDT"/>
  <testcase name="TableDDT" time="0.204" classname="com.expleo.heroku.testCases.TC_003_TableTestDDT"/>
  <testcase name="TableDDT" time="0.218" classname="com.expleo.heroku.testCases.TC_003_TableTestDDT"/>
  <testcase name="TableDDT" time="0.294" classname="com.expleo.heroku.testCases.TC_003_TableTestDDT"/>
  <testcase name="TableDDT" time="0.27" classname="com.expleo.heroku.testCases.TC_003_TableTestDDT"/>
  <testcase name="TableDDT" time="0.232" classname="com.expleo.heroku.testCases.TC_003_TableTestDDT"/>
  <testcase name="TableDDT" time="0.297" classname="com.expleo.heroku.testCases.TC_003_TableTestDDT"/>
  <testcase name="TableDDT" time="0.257" classname="com.expleo.heroku.testCases.TC_003_TableTestDDT"/>
  <testcase name="headTest" time="0.053" classname="com.expleo.heroku.testCases.TC_004_HeaderTest"/>
  <testcase name="paraCheck" time="0.054" classname="com.expleo.heroku.testCases.TC_005_ParaTest"/>
  <testcase name="canvaTest" time="0.973" classname="com.expleo.heroku.testCases.TC_006_CanvasTestDDT"/>
  <testcase name="canvaTest" time="0.894" classname="com.expleo.heroku.testCases.TC_006_CanvasTestDDT"/>
  <testcase name="canvaTest" time="0.922" classname="com.expleo.heroku.testCases.TC_006_CanvasTestDDT"/>
  <testcase name="editTest" time="2.499" classname="com.expleo.heroku.testCases.TC_007_EditClickTest"/>
  <testcase name="deleteTest" time="2.558" classname="com.expleo.heroku.testCases.TC_008_DeleteClickTest"/>
  <testcase name="elementLinkTest" time="5.158" classname="com.expleo.heroku.testCases.TC_009_ElementalLinkTest"/>
</testsuite> <!-- Firefox Test -->
