<?xml version="1.0" encoding="UTF-8"?>
<!-- Generated by org.testng.reporters.JUnitXMLReporter -->
<testsuite hostname="LAPTOP-14KL8HCG" ignored="0" name="Firefox Test" tests="22" failures="0" timestamp="2021-08-18T18:50:57 IST" time="116.86" errors="0">
  <testcase name="titleTest" time="0.024" classname="com.expleo.heroku.testCases.TC_001_TitleTest"/>
  <testcase name="buttonDDT" time="3.579" classname="com.expleo.heroku.testCases.TC_002_ButtonTestDDT"/>
  <testcase name="buttonDDT" time="3.53" classname="com.expleo.heroku.testCases.TC_002_ButtonTestDDT"/>
  <testcase name="buttonDDT" time="3.57" classname="com.expleo.heroku.testCases.TC_002_ButtonTestDDT"/>
  <testcase name="TableDDT" time="0.217" classname="com.expleo.heroku.testCases.TC_003_TableTestDDT"/>
  <testcase name="TableDDT" time="0.185" classname="com.expleo.heroku.testCases.TC_003_TableTestDDT"/>
  <testcase name="TableDDT" time="0.187" classname="com.expleo.heroku.testCases.TC_003_TableTestDDT"/>
  <testcase name="TableDDT" time="0.187" classname="com.expleo.heroku.testCases.TC_003_TableTestDDT"/>
  <testcase name="TableDDT" time="0.187" classname="com.expleo.heroku.testCases.TC_003_TableTestDDT"/>
  <testcase name="TableDDT" time="0.188" classname="com.expleo.heroku.testCases.TC_003_TableTestDDT"/>
  <testcase name="TableDDT" time="0.181" classname="com.expleo.heroku.testCases.TC_003_TableTestDDT"/>
  <testcase name="TableDDT" time="0.189" classname="com.expleo.heroku.testCases.TC_003_TableTestDDT"/>
  <testcase name="TableDDT" time="0.183" classname="com.expleo.heroku.testCases.TC_003_TableTestDDT"/>
  <testcase name="TableDDT" time="0.186" classname="com.expleo.heroku.testCases.TC_003_TableTestDDT"/>
  <testcase name="headTest" time="0.04" classname="com.expleo.heroku.testCases.TC_004_HeaderTest"/>
  <testcase name="paraCheck" time="0.053" classname="com.expleo.heroku.testCases.TC_005_ParaTest"/>
  <testcase name="canvaTest" time="0.832" classname="com.expleo.heroku.testCases.TC_006_CanvasTest"/>
  <testcase name="canvaTest" time="0.805" classname="com.expleo.heroku.testCases.TC_006_CanvasTest"/>
  <testcase name="canvaTest" time="0.837" classname="com.expleo.heroku.testCases.TC_006_CanvasTest"/>
  <testcase name="editTest" time="2.375" classname="com.expleo.heroku.testCases.TC_007_EditClickTest"/>
  <testcase name="deleteTest" time="2.401" classname="com.expleo.heroku.testCases.TC_008_DeleteClickTest"/>
  <testcase name="elementLinkTest" time="5.127" classname="com.expleo.heroku.testCases.TC_009_ElementalLinkTest"/>
</testsuite> <!-- Firefox Test -->
