<?xml version="1.0" encoding="UTF-8"?>
<!-- Generated by org.testng.reporters.JUnitXMLReporter -->
<testsuite hostname="LAPTOP-14KL8HCG" ignored="0" name="Browser Test" tests="22" failures="0" timestamp="2021-08-18T18:02:41 IST" time="78.091" errors="0">
  <testcase name="titleTest" time="0.022" classname="com.expleo.heroku.testCases.TC_001_TitleTest"/>
  <testcase name="buttonDDT" time="4.096" classname="com.expleo.heroku.testCases.TC_002_ButtonTestDDT"/>
  <testcase name="buttonDDT" time="3.53" classname="com.expleo.heroku.testCases.TC_002_ButtonTestDDT"/>
  <testcase name="buttonDDT" time="3.595" classname="com.expleo.heroku.testCases.TC_002_ButtonTestDDT"/>
  <testcase name="TableDDT" time="0.353" classname="com.expleo.heroku.testCases.TC_003_TableTestDDT"/>
  <testcase name="TableDDT" time="0.387" classname="com.expleo.heroku.testCases.TC_003_TableTestDDT"/>
  <testcase name="TableDDT" time="0.355" classname="com.expleo.heroku.testCases.TC_003_TableTestDDT"/>
  <testcase name="TableDDT" time="0.354" classname="com.expleo.heroku.testCases.TC_003_TableTestDDT"/>
  <testcase name="TableDDT" time="0.37" classname="com.expleo.heroku.testCases.TC_003_TableTestDDT"/>
  <testcase name="TableDDT" time="0.343" classname="com.expleo.heroku.testCases.TC_003_TableTestDDT"/>
  <testcase name="TableDDT" time="0.349" classname="com.expleo.heroku.testCases.TC_003_TableTestDDT"/>
  <testcase name="TableDDT" time="0.335" classname="com.expleo.heroku.testCases.TC_003_TableTestDDT"/>
  <testcase name="TableDDT" time="0.36" classname="com.expleo.heroku.testCases.TC_003_TableTestDDT"/>
  <testcase name="TableDDT" time="0.329" classname="com.expleo.heroku.testCases.TC_003_TableTestDDT"/>
  <testcase name="headTest" time="0.041" classname="com.expleo.heroku.testCases.TC_004_HeaderTest"/>
  <testcase name="paraCheck" time="0.04" classname="com.expleo.heroku.testCases.TC_005_ParaTest"/>
  <testcase name="canvaTest" time="0.867" classname="com.expleo.heroku.testCases.TC_006_CanvasTest"/>
  <testcase name="canvaTest" time="1.353" classname="com.expleo.heroku.testCases.TC_006_CanvasTest"/>
  <testcase name="canvaTest" time="0.796" classname="com.expleo.heroku.testCases.TC_006_CanvasTest"/>
  <testcase name="editTest" time="0.678" classname="com.expleo.heroku.testCases.TC_007_EditClickTest"/>
  <testcase name="deleteTest" time="0.645" classname="com.expleo.heroku.testCases.TC_008_DeleteClickTest"/>
  <testcase name="elementLinkTest" time="5.138" classname="com.expleo.heroku.testCases.TC_009_ElementalLinkTest"/>
</testsuite> <!-- Browser Test -->
